10:32:57.341 logback-com.modules [http-nio-8001-exec-9] WARN  o.s.web.servlet.PageNotFound - No mapping for GET /wx/front/getOpenId
10:32:57.355 logback-com.modules [http-nio-8001-exec-10] WARN  o.s.web.servlet.PageNotFound - No mapping for POST /wenjuan/front/question/listJson
10:33:13.881 logback-com.modules [http-nio-8001-exec-6] WARN  o.s.web.servlet.PageNotFound - No mapping for POST /wenjuan/front/question/listJson
10:34:29.620 logback-com.modules [http-nio-8001-exec-3] WARN  o.s.web.servlet.PageNotFound - No mapping for GET /swagger/index.html
10:34:30.291 logback-com.modules [http-nio-8001-exec-1] WARN  o.s.web.servlet.PageNotFound - No mapping for GET /favicon.ico
10:34:42.448 logback-com.modules [http-nio-8001-exec-10] WARN  o.s.web.servlet.PageNotFound - No mapping for GET /swagger/swagger.html
10:35:37.289 logback-com.modules [http-nio-8001-exec-5] WARN  o.s.web.servlet.PageNotFound - No mapping for GET /
10:35:37.336 logback-com.modules [http-nio-8001-exec-9] WARN  o.s.web.servlet.PageNotFound - No mapping for GET /csrf
10:54:40.446 logback-com.modules [http-nio-8001-exec-2] WARN  o.s.web.servlet.PageNotFound - No mapping for POST /wenjuan/front/question/listJson
10:56:11.755 logback-com.modules [http-nio-8001-exec-3] WARN  o.s.web.servlet.PageNotFound - No mapping for POST /wenjuan/front/question/listJson
10:56:40.927 logback-com.modules [http-nio-8001-exec-6] WARN  o.s.web.servlet.PageNotFound - No mapping for POST /wenjuan/front/question/listJson
10:57:39.851 logback-com.modules [http-nio-8001-exec-8] WARN  o.s.web.servlet.PageNotFound - No mapping for POST /wenjuan/front/question/listJson
10:57:50.894 logback-com.modules [http-nio-8001-exec-2] WARN  o.s.web.servlet.PageNotFound - No mapping for POST /wenjuan/front/question/listJson
10:58:10.568 logback-com.modules [http-nio-8001-exec-4] WARN  o.s.web.servlet.PageNotFound - No mapping for POST /wenjuan/front/question/listJson
11:00:58.429 logback-com.modules [http-nio-8001-exec-6] WARN  o.s.web.servlet.PageNotFound - No mapping for POST /wenjuan/front/question/listJson
11:02:23.122 logback-com.modules [http-nio-8001-exec-9] WARN  o.s.web.servlet.PageNotFound - No mapping for POST /wenjuan/front/question/listJson
11:04:12.787 logback-com.modules [http-nio-8001-exec-2] WARN  o.s.web.servlet.PageNotFound - No mapping for POST /wenjuan/front/question/listJson
11:04:49.499 logback-com.modules [http-nio-8001-exec-1] WARN  o.s.web.servlet.PageNotFound - No mapping for POST /wenjuan/front/question/listJson
11:05:02.340 logback-com.modules [http-nio-8001-exec-5] WARN  o.s.web.servlet.PageNotFound - No mapping for POST /wenjuan/front/question/listJson
11:05:23.952 logback-com.modules [http-nio-8001-exec-8] WARN  o.s.web.servlet.PageNotFound - No mapping for POST /wenjuan/front/question/listJson
11:07:57.951 logback-com.modules [http-nio-8001-exec-2] WARN  o.s.web.servlet.PageNotFound - No mapping for POST /wenjuan/front/question/listJson
11:09:06.769 logback-com.modules [http-nio-8001-exec-3] WARN  o.s.web.servlet.PageNotFound - No mapping for POST /wenjuan/front/question/listJson
11:10:33.760 logback-com.modules [http-nio-8001-exec-7] WARN  o.s.web.servlet.PageNotFound - No mapping for POST /wenjuan/front/question/listJson
11:12:35.481 logback-com.modules [http-nio-8001-exec-2] WARN  o.s.web.servlet.PageNotFound - No mapping for POST /wenjuan/front/question/listJson
11:13:02.476 logback-com.modules [http-nio-8001-exec-5] WARN  o.s.web.servlet.PageNotFound - No mapping for POST /wenjuan/front/question/listJson
11:18:41.455 logback-com.modules [http-nio-8001-exec-3] WARN  o.s.web.servlet.PageNotFound - No mapping for POST /wenjuan/front/question/listJson
11:23:03.770 logback-com.modules [http-nio-8001-exec-10] WARN  o.s.web.servlet.PageNotFound - No mapping for POST /wenjuan/front/question/listJson
11:26:13.538 logback-com.modules [http-nio-8001-exec-1] WARN  o.s.web.servlet.PageNotFound - No mapping for POST /wenjuan/front/question/listJson
11:27:54.298 logback-com.modules [http-nio-8001-exec-1] WARN  o.s.web.servlet.PageNotFound - No mapping for POST /wenjuan/front/question/listJson
11:29:29.811 logback-com.modules [http-nio-8001-exec-1] WARN  o.s.web.servlet.PageNotFound - No mapping for POST /wenjuan/front/question/listJson
11:32:08.156 logback-com.modules [http-nio-8001-exec-2] WARN  o.s.web.servlet.PageNotFound - No mapping for POST /wenjuan/front/question/listJson
11:33:39.036 logback-com.modules [http-nio-8001-exec-2] WARN  o.s.web.servlet.PageNotFound - No mapping for POST /wenjuan/front/question/listJson
11:36:39.536 logback-com.modules [http-nio-8001-exec-2] WARN  o.s.web.servlet.PageNotFound - No mapping for POST /wenjuan/front/question/listJson
11:38:37.046 logback-com.modules [main] WARN  o.s.b.w.s.c.AnnotationConfigServletWebServerApplicationContext - Exception encountered during context initialization - cancelling refresh attempt: org.springframework.beans.factory.BeanCreationException: Error creating bean with name 'loginController': Injection of resource dependencies failed; nested exception is org.springframework.beans.factory.BeanCreationException: Error creating bean with name 'userInfoService': Injection of resource dependencies failed; nested exception is org.springframework.beans.factory.UnsatisfiedDependencyException: Error creating bean with name 'userInfoDao' defined in file [E:\ideaProject\wx-bootapplication\bootapplication\target\classes\com\modules\bootapplication\modules\user\dao\UserInfoDao.class]: Unsatisfied dependency expressed through bean property 'sqlSessionFactory'; nested exception is org.springframework.beans.factory.BeanCreationException: Error creating bean with name 'sqlSessionFactory' defined in class path resource [org/mybatis/spring/boot/autoconfigure/MybatisAutoConfiguration.class]: Bean instantiation via factory method failed; nested exception is org.springframework.beans.BeanInstantiationException: Failed to instantiate [org.apache.ibatis.session.SqlSessionFactory]: Factory method 'sqlSessionFactory' threw exception; nested exception is org.springframework.core.NestedIOException: Failed to parse mapping resource: 'file [E:\ideaProject\wx-bootapplication\bootapplication\target\classes\mapping\modules\user\UserInfoDao.xml]'; nested exception is org.apache.ibatis.builder.BuilderException: Error parsing Mapper XML. The XML location is 'file [E:\ideaProject\wx-bootapplication\bootapplication\target\classes\mapping\modules\user\UserInfoDao.xml]'. Cause: org.apache.ibatis.builder.BuilderException: Error resolving class. Cause: org.apache.ibatis.type.TypeException: Could not resolve type alias 'UserInfo'.  Cause: java.lang.ClassNotFoundException: Cannot find class: UserInfo
11:40:05.532 logback-com.modules [http-nio-8001-exec-10] WARN  o.s.web.servlet.PageNotFound - No mapping for POST /wenjuan/front/question/listJson
11:41:11.814 logback-com.modules [http-nio-8001-exec-1] WARN  o.s.web.servlet.PageNotFound - No mapping for POST /wenjuan/front/question/listJson
11:42:19.463 logback-com.modules [http-nio-8001-exec-2] WARN  o.s.web.servlet.PageNotFound - No mapping for POST /wenjuan/front/question/listJson
11:43:36.764 logback-com.modules [http-nio-8001-exec-2] WARN  o.s.web.servlet.PageNotFound - No mapping for POST /wenjuan/front/question/listJson
11:45:13.889 logback-com.modules [http-nio-8001-exec-1] WARN  o.s.web.servlet.PageNotFound - No mapping for POST /wenjuan/front/question/listJson
11:46:35.698 logback-com.modules [http-nio-8001-exec-2] WARN  o.s.web.servlet.PageNotFound - No mapping for POST /wenjuan/front/question/listJson
11:48:29.563 logback-com.modules [http-nio-8001-exec-2] WARN  o.s.web.servlet.PageNotFound - No mapping for POST /wenjuan/front/question/listJson
11:50:23.212 logback-com.modules [http-nio-8001-exec-1] WARN  o.s.web.servlet.PageNotFound - No mapping for POST /wenjuan/front/question/listJson
11:51:17.896 logback-com.modules [http-nio-8001-exec-1] WARN  o.s.web.servlet.PageNotFound - No mapping for POST /wenjuan/front/question/listJson
11:51:44.148 logback-com.modules [http-nio-8001-exec-5] WARN  o.s.web.servlet.PageNotFound - No mapping for POST /wenjuan/front/question/listJson
11:53:35.603 logback-com.modules [http-nio-8001-exec-1] WARN  o.s.web.servlet.PageNotFound - No mapping for POST /wenjuan/front/question/listJson
11:55:11.601 logback-com.modules [http-nio-8001-exec-9] WARN  o.s.web.servlet.PageNotFound - No mapping for POST /wenjuan/front/question/listJson
11:56:06.802 logback-com.modules [http-nio-8001-exec-3] WARN  o.s.web.servlet.PageNotFound - No mapping for POST /wenjuan/front/question/listJson
11:57:08.043 logback-com.modules [http-nio-8001-exec-4] WARN  o.s.web.servlet.PageNotFound - No mapping for POST /wenjuan/front/question/listJson
11:57:31.826 logback-com.modules [http-nio-8001-exec-8] WARN  o.s.web.servlet.PageNotFound - No mapping for POST /wenjuan/front/question/listJson
11:58:48.364 logback-com.modules [http-nio-8001-exec-3] WARN  o.s.web.servlet.PageNotFound - No mapping for POST /wenjuan/front/question/listJson
11:59:25.062 logback-com.modules [http-nio-8001-exec-6] WARN  o.s.web.servlet.PageNotFound - No mapping for POST /wenjuan/front/question/listJson
12:00:04.450 logback-com.modules [http-nio-8001-exec-1] WARN  o.s.web.servlet.PageNotFound - No mapping for POST /wenjuan/front/question/listJson
12:01:40.200 logback-com.modules [http-nio-8001-exec-6] WARN  o.s.web.servlet.PageNotFound - No mapping for POST /wenjuan/front/question/listJson
12:01:58.674 logback-com.modules [http-nio-8001-exec-8] WARN  o.s.web.servlet.PageNotFound - No mapping for POST /wenjuan/front/question/listJson
12:02:05.433 logback-com.modules [http-nio-8001-exec-1] WARN  o.s.web.servlet.PageNotFound - No mapping for POST /wenjuan/front/question/listJson
12:02:44.753 logback-com.modules [http-nio-8001-exec-10] WARN  o.s.web.servlet.PageNotFound - No mapping for POST /wenjuan/front/question/listJson
12:03:07.964 logback-com.modules [http-nio-8001-exec-2] WARN  o.s.web.servlet.PageNotFound - No mapping for POST /wenjuan/front/question/listJson
12:04:34.140 logback-com.modules [http-nio-8001-exec-8] WARN  o.s.web.servlet.PageNotFound - No mapping for POST /wenjuan/front/question/listJson
12:05:33.164 logback-com.modules [http-nio-8001-exec-5] WARN  o.s.web.servlet.PageNotFound - No mapping for POST /wenjuan/front/question/listJson
12:08:20.785 logback-com.modules [http-nio-8001-exec-5] WARN  o.s.web.servlet.PageNotFound - No mapping for POST /wenjuan/front/question/listJson
12:09:51.572 logback-com.modules [http-nio-8001-exec-3] WARN  o.s.web.servlet.PageNotFound - No mapping for POST /wenjuan/front/question/listJson
12:10:20.375 logback-com.modules [http-nio-8001-exec-10] WARN  o.s.web.servlet.PageNotFound - No mapping for POST /wenjuan/front/question/listJson
12:11:07.116 logback-com.modules [http-nio-8001-exec-10] WARN  o.s.web.servlet.PageNotFound - No mapping for POST /wenjuan/front/question/listJson
12:24:32.590 logback-com.modules [http-nio-8001-exec-10] WARN  o.s.web.servlet.PageNotFound - No mapping for POST /wenjuan/front/question/listJson
12:41:27.672 logback-com.modules [http-nio-8001-exec-5] WARN  o.s.web.servlet.PageNotFound - No mapping for POST /wenjuan/front/question/listJson
12:41:45.725 logback-com.modules [http-nio-8001-exec-4] WARN  o.s.web.servlet.PageNotFound - No mapping for POST /wenjuan/front/question/listJson
12:41:53.221 logback-com.modules [http-nio-8001-exec-10] WARN  o.s.web.servlet.PageNotFound - No mapping for POST /wenjuan/front/question/listJson
12:43:45.836 logback-com.modules [http-nio-8001-exec-1] WARN  o.s.web.servlet.PageNotFound - No mapping for POST /wenjuan/front/question/listJson
12:44:16.477 logback-com.modules [http-nio-8001-exec-2] WARN  o.s.web.servlet.PageNotFound - No mapping for POST /wenjuan/front/question/listJson
12:44:59.190 logback-com.modules [http-nio-8001-exec-4] WARN  o.s.web.servlet.PageNotFound - No mapping for POST /wenjuan/front/question/listJson
12:45:30.827 logback-com.modules [http-nio-8001-exec-8] WARN  o.s.web.servlet.PageNotFound - No mapping for POST /wenjuan/front/question/listJson
12:45:43.772 logback-com.modules [http-nio-8001-exec-9] WARN  o.s.web.servlet.PageNotFound - No mapping for POST /wenjuan/front/question/listJson
12:46:23.958 logback-com.modules [http-nio-8001-exec-5] WARN  o.s.web.servlet.PageNotFound - No mapping for POST /wenjuan/front/question/listJson
12:47:19.499 logback-com.modules [http-nio-8001-exec-2] WARN  o.s.web.servlet.PageNotFound - No mapping for POST /wenjuan/front/question/listJson
12:51:13.510 logback-com.modules [http-nio-8001-exec-2] WARN  o.s.web.servlet.PageNotFound - No mapping for POST /wenjuan/front/question/listJson
12:52:40.515 logback-com.modules [http-nio-8001-exec-2] WARN  o.s.web.servlet.PageNotFound - No mapping for POST /wenjuan/front/question/listJson
12:53:50.084 logback-com.modules [http-nio-8001-exec-2] WARN  o.s.web.servlet.PageNotFound - No mapping for POST /wenjuan/front/question/listJson
13:22:04.895 logback-com.modules [http-nio-8001-exec-6] WARN  o.s.web.servlet.PageNotFound - No mapping for POST /wenjuan/front/question/listJson
14:25:00.143 logback-com.modules [http-nio-8001-exec-9] WARN  o.s.web.servlet.PageNotFound - No mapping for POST /wenjuan/front/question/listJson
14:25:04.794 logback-com.modules [http-nio-8001-exec-1] WARN  o.s.web.servlet.PageNotFound - No mapping for POST /wenjuan/front/question/listJson
14:25:18.416 logback-com.modules [http-nio-8001-exec-6] WARN  o.s.web.servlet.PageNotFound - No mapping for POST /wenjuan/front/question/listJson
14:25:25.181 logback-com.modules [http-nio-8001-exec-10] WARN  o.s.web.servlet.PageNotFound - No mapping for POST /wenjuan/front/question/listJson
14:26:00.324 logback-com.modules [http-nio-8001-exec-5] WARN  o.s.web.servlet.PageNotFound - No mapping for POST /wenjuan/front/question/listJson
14:26:03.280 logback-com.modules [http-nio-8001-exec-7] WARN  o.s.web.servlet.PageNotFound - No mapping for POST /wenjuan/front/question/listJson
14:27:28.604 logback-com.modules [http-nio-8001-exec-9] WARN  o.s.web.servlet.PageNotFound - No mapping for POST /wenjuan/front/question/listJson
14:27:34.016 logback-com.modules [http-nio-8001-exec-2] WARN  o.s.web.servlet.PageNotFound - No mapping for POST /wenjuan/front/question/listJson
14:33:00.063 logback-com.modules [http-nio-8001-exec-2] WARN  o.s.web.servlet.PageNotFound - No mapping for POST /wenjuan/front/vote/listJson
14:34:12.935 logback-com.modules [http-nio-8001-exec-7] WARN  o.s.web.servlet.PageNotFound - No mapping for POST /wenjuan/front/vote/listJson
14:42:05.687 logback-com.modules [http-nio-8001-exec-2] WARN  o.s.web.servlet.PageNotFound - No mapping for GET /
14:42:09.398 logback-com.modules [http-nio-8001-exec-3] WARN  o.s.web.servlet.PageNotFound - No mapping for POST /wenjuan/front/question/listJson
14:42:12.835 logback-com.modules [http-nio-8001-exec-6] WARN  o.s.web.servlet.PageNotFound - No mapping for GET /
14:42:15.398 logback-com.modules [http-nio-8001-exec-9] WARN  o.s.web.servlet.PageNotFound - No mapping for POST /wenjuan/front/question/listJson
14:42:16.636 logback-com.modules [http-nio-8001-exec-8] WARN  o.s.web.servlet.PageNotFound - No mapping for POST /wenjuan/front/question/listJson
14:42:17.755 logback-com.modules [http-nio-8001-exec-10] WARN  o.s.web.servlet.PageNotFound - No mapping for POST /wenjuan/front/question/listJson
14:42:19.741 logback-com.modules [http-nio-8001-exec-2] WARN  o.s.web.servlet.PageNotFound - No mapping for POST /wenjuan/front/question/listJson
14:42:52.075 logback-com.modules [http-nio-8001-exec-6] WARN  o.s.web.servlet.PageNotFound - No mapping for POST /wenjuan/front/question/listJson
14:42:53.325 logback-com.modules [http-nio-8001-exec-9] WARN  o.s.web.servlet.PageNotFound - No mapping for POST /wenjuan/front/question/listJson
14:42:54.739 logback-com.modules [http-nio-8001-exec-8] WARN  o.s.web.servlet.PageNotFound - No mapping for POST /wenjuan/front/question/listJson
14:42:56.808 logback-com.modules [http-nio-8001-exec-2] WARN  o.s.web.servlet.PageNotFound - No mapping for POST /wenjuan/front/question/listJson
14:42:58.518 logback-com.modules [http-nio-8001-exec-1] WARN  o.s.web.servlet.PageNotFound - No mapping for POST /wenjuan/front/question/listJson
14:43:08.343 logback-com.modules [http-nio-8001-exec-5] WARN  o.s.web.servlet.PageNotFound - No mapping for POST /wenjuan/front/question/loadDetailed
14:43:14.875 logback-com.modules [http-nio-8001-exec-4] WARN  o.s.web.servlet.PageNotFound - No mapping for POST /wenjuan/front/question/listJson
14:45:51.333 logback-com.modules [http-nio-8001-exec-9] WARN  o.s.web.servlet.PageNotFound - No mapping for POST /wenjuan/front/question/listJson
14:47:46.111 logback-com.modules [http-nio-8001-exec-3] WARN  o.s.web.servlet.PageNotFound - No mapping for POST /wenjuan/front/question/listJson
14:47:48.594 logback-com.modules [http-nio-8001-exec-5] WARN  o.s.web.servlet.PageNotFound - No mapping for POST /wenjuan/front/question/listJson
15:02:05.287 logback-com.modules [http-nio-8001-exec-6] WARN  o.s.web.servlet.PageNotFound - No mapping for POST /wenjuan/front/question/listJson
15:02:07.575 logback-com.modules [http-nio-8001-exec-9] WARN  o.s.web.servlet.PageNotFound - No mapping for POST /wenjuan/front/question/listJson
15:02:46.043 logback-com.modules [http-nio-8001-exec-10] WARN  o.s.web.servlet.PageNotFound - No mapping for POST /wenjuan/front/question/listJson
15:46:58.781 logback-com.modules [http-nio-8001-exec-3] WARN  o.s.web.servlet.PageNotFound - No mapping for POST /wenjuan/front/question/listJson
15:47:01.249 logback-com.modules [http-nio-8001-exec-5] WARN  o.s.web.servlet.PageNotFound - No mapping for POST /wenjuan/front/question/listJson
15:47:37.281 logback-com.modules [http-nio-8001-exec-4] WARN  o.s.web.servlet.PageNotFound - No mapping for POST /wenjuan/front/question/listJson
15:47:39.169 logback-com.modules [http-nio-8001-exec-6] WARN  o.s.web.servlet.PageNotFound - No mapping for POST /wenjuan/front/vote/listJson
16:36:08.386 logback-com.modules [main] WARN  o.m.s.mapper.ClassPathMapperScanner - No MyBatis mapper was found in '[com.modules.bootapplication.modules.*.dao]' package. Please check your configuration.
16:36:08.556 logback-com.modules [main] WARN  o.m.s.mapper.ClassPathMapperScanner - No MyBatis mapper was found in '[com.modules.bootapplication.modules.intercepter, com.modules.bootapplication]' package. Please check your configuration.
16:36:08.613 logback-com.modules [main] WARN  t.m.s.mapper.ClassPathMapperScanner - No MyBatis mapper was found in '[com.modules.bootapplication.modules.intercepter, com.modules.bootapplication]' package. Please check your configuration.
16:36:09.006 logback-com.modules [main] WARN  o.m.s.mapper.ClassPathMapperScanner - No MyBatis mapper was found in '[com.modules.bootapplication.modules.intercepter, com.modules.bootapplication]' package. Please check your configuration.
16:36:09.801 logback-com.modules [main] WARN  o.s.b.w.s.c.AnnotationConfigServletWebServerApplicationContext - Exception encountered during context initialization - cancelling refresh attempt: org.springframework.context.ApplicationContextException: Unable to start web server; nested exception is org.springframework.boot.web.server.WebServerException: Unable to start embedded Tomcat
16:38:16.807 logback-com.modules [main] WARN  o.m.s.mapper.ClassPathMapperScanner - No MyBatis mapper was found in '[com.modules.bootapplication.modules.*.dao]' package. Please check your configuration.
16:38:17.240 logback-com.modules [main] WARN  o.m.s.mapper.ClassPathMapperScanner - No MyBatis mapper was found in '[com.modules.bootapplication.modules.intercepter, com.modules.bootapplication]' package. Please check your configuration.
16:38:17.456 logback-com.modules [main] WARN  t.m.s.mapper.ClassPathMapperScanner - No MyBatis mapper was found in '[com.modules.bootapplication.modules.intercepter, com.modules.bootapplication]' package. Please check your configuration.
16:38:17.906 logback-com.modules [main] WARN  o.m.s.mapper.ClassPathMapperScanner - No MyBatis mapper was found in '[com.modules.bootapplication.modules.intercepter, com.modules.bootapplication]' package. Please check your configuration.
16:38:19.213 logback-com.modules [main] WARN  o.s.b.w.s.c.AnnotationConfigServletWebServerApplicationContext - Exception encountered during context initialization - cancelling refresh attempt: org.springframework.context.ApplicationContextException: Unable to start web server; nested exception is org.springframework.boot.web.server.WebServerException: Unable to start embedded Tomcat
16:38:37.756 logback-com.modules [main] WARN  o.m.s.mapper.ClassPathMapperScanner - No MyBatis mapper was found in '[com.modules.bootapplication.modules.*.dao]' package. Please check your configuration.
16:38:37.883 logback-com.modules [main] WARN  o.m.s.mapper.ClassPathMapperScanner - No MyBatis mapper was found in '[com.modules.bootapplication.modules.intercepter, com.modules.bootapplication]' package. Please check your configuration.
16:38:37.911 logback-com.modules [main] WARN  t.m.s.mapper.ClassPathMapperScanner - No MyBatis mapper was found in '[com.modules.bootapplication.modules.intercepter, com.modules.bootapplication]' package. Please check your configuration.
16:38:38.217 logback-com.modules [main] WARN  o.m.s.mapper.ClassPathMapperScanner - No MyBatis mapper was found in '[com.modules.bootapplication.modules.intercepter, com.modules.bootapplication]' package. Please check your configuration.
16:38:39.325 logback-com.modules [main] WARN  o.s.b.w.s.c.AnnotationConfigServletWebServerApplicationContext - Exception encountered during context initialization - cancelling refresh attempt: org.springframework.context.ApplicationContextException: Unable to start web server; nested exception is org.springframework.boot.web.server.WebServerException: Unable to start embedded Tomcat
16:39:01.362 logback-com.modules [main] WARN  o.m.s.mapper.ClassPathMapperScanner - No MyBatis mapper was found in '[com.modules.bootapplication.modules.*.dao]' package. Please check your configuration.
16:39:01.491 logback-com.modules [main] WARN  o.m.s.mapper.ClassPathMapperScanner - No MyBatis mapper was found in '[com.modules.bootapplication.modules.intercepter, com.modules.bootapplication]' package. Please check your configuration.
16:39:01.523 logback-com.modules [main] WARN  t.m.s.mapper.ClassPathMapperScanner - No MyBatis mapper was found in '[com.modules.bootapplication.modules.intercepter, com.modules.bootapplication]' package. Please check your configuration.
16:39:01.792 logback-com.modules [main] WARN  o.m.s.mapper.ClassPathMapperScanner - No MyBatis mapper was found in '[com.modules.bootapplication.modules.intercepter, com.modules.bootapplication]' package. Please check your configuration.
16:39:02.669 logback-com.modules [main] WARN  o.s.b.w.s.c.AnnotationConfigServletWebServerApplicationContext - Exception encountered during context initialization - cancelling refresh attempt: org.springframework.context.ApplicationContextException: Unable to start web server; nested exception is org.springframework.boot.web.server.WebServerException: Unable to start embedded Tomcat
16:39:54.039 logback-com.modules [main] WARN  t.m.s.mapper.ClassPathMapperScanner - No MyBatis mapper was found in '[com.modules.bootapplication.modules.intercepter, com.modules.bootapplication]' package. Please check your configuration.
16:39:54.947 logback-com.modules [main] WARN  o.s.b.w.s.c.AnnotationConfigServletWebServerApplicationContext - Exception encountered during context initialization - cancelling refresh attempt: org.springframework.context.ApplicationContextException: Unable to start web server; nested exception is org.springframework.boot.web.server.WebServerException: Unable to start embedded Tomcat
16:41:43.055 logback-com.modules [main] WARN  t.m.s.mapper.ClassPathMapperScanner - No MyBatis mapper was found in '[com.modules.bootapplication.modules.intercepter, com.modules.bootapplication]' package. Please check your configuration.
16:41:44.204 logback-com.modules [main] WARN  o.s.b.w.s.c.AnnotationConfigServletWebServerApplicationContext - Exception encountered during context initialization - cancelling refresh attempt: org.springframework.context.ApplicationContextException: Unable to start web server; nested exception is org.springframework.context.ApplicationContextException: Unable to start ServletWebServerApplicationContext due to missing ServletWebServerFactory bean.
16:43:25.725 logback-com.modules [main] WARN  t.m.s.mapper.ClassPathMapperScanner - No MyBatis mapper was found in '[com.modules.bootapplication.modules.intercepter, com.modules.bootapplication]' package. Please check your configuration.
16:43:26.539 logback-com.modules [main] WARN  o.s.b.w.s.c.AnnotationConfigServletWebServerApplicationContext - Exception encountered during context initialization - cancelling refresh attempt: org.springframework.context.ApplicationContextException: Unable to start web server; nested exception is org.springframework.context.ApplicationContextException: Unable to start ServletWebServerApplicationContext due to missing ServletWebServerFactory bean.
16:44:36.043 logback-com.modules [main] WARN  t.m.s.mapper.ClassPathMapperScanner - No MyBatis mapper was found in '[com.modules.bootapplication.modules.intercepter, com.modules.bootapplication]' package. Please check your configuration.
16:44:36.797 logback-com.modules [main] WARN  o.s.b.w.s.c.AnnotationConfigServletWebServerApplicationContext - Exception encountered during context initialization - cancelling refresh attempt: org.springframework.context.ApplicationContextException: Unable to start web server; nested exception is java.lang.NoSuchMethodError: org.apache.tomcat.util.modeler.Registry.disableRegistry()V
16:48:20.588 logback-com.modules [main] WARN  t.m.s.mapper.ClassPathMapperScanner - No MyBatis mapper was found in '[com.modules.bootapplication.modules.intercepter, com.modules.bootapplication]' package. Please check your configuration.
16:48:21.236 logback-com.modules [main] WARN  o.s.b.w.s.c.AnnotationConfigServletWebServerApplicationContext - Exception encountered during context initialization - cancelling refresh attempt: org.springframework.context.ApplicationContextException: Unable to start web server; nested exception is java.lang.NoSuchMethodError: org.apache.tomcat.util.modeler.Registry.disableRegistry()V
16:49:21.107 logback-com.modules [main] WARN  t.m.s.mapper.ClassPathMapperScanner - No MyBatis mapper was found in '[com.modules.bootapplication.modules.intercepter, com.modules.bootapplication]' package. Please check your configuration.
16:49:21.737 logback-com.modules [main] WARN  o.s.b.w.s.c.AnnotationConfigServletWebServerApplicationContext - Exception encountered during context initialization - cancelling refresh attempt: org.springframework.context.ApplicationContextException: Unable to start web server; nested exception is java.lang.NoSuchMethodError: org.apache.tomcat.util.modeler.Registry.disableRegistry()V
16:52:29.288 logback-com.modules [main] WARN  t.m.s.mapper.ClassPathMapperScanner - No MyBatis mapper was found in '[com.modules.bootapplication.modules.intercepter, com.modules.bootapplication]' package. Please check your configuration.
16:52:30.897 logback-com.modules [main] WARN  o.s.b.w.s.c.AnnotationConfigServletWebServerApplicationContext - Exception encountered during context initialization - cancelling refresh attempt: org.springframework.context.ApplicationContextException: Unable to start web server; nested exception is org.springframework.boot.web.server.WebServerException: Unable to start embedded Tomcat
16:53:41.056 logback-com.modules [main] WARN  t.m.s.mapper.ClassPathMapperScanner - No MyBatis mapper was found in '[com.modules.bootapplication.modules.intercepter, com.modules.bootapplication]' package. Please check your configuration.
16:53:43.272 logback-com.modules [main] WARN  o.s.b.w.s.c.AnnotationConfigServletWebServerApplicationContext - Exception encountered during context initialization - cancelling refresh attempt: org.springframework.context.ApplicationContextException: Unable to start web server; nested exception is org.springframework.boot.web.server.WebServerException: Unable to start embedded Tomcat
16:55:06.241 logback-com.modules [main] WARN  t.m.s.mapper.ClassPathMapperScanner - No MyBatis mapper was found in '[com.modules.bootapplication.modules.intercepter, com.modules.bootapplication]' package. Please check your configuration.
16:55:30.549 logback-com.modules [main] WARN  o.s.b.w.s.c.AnnotationConfigServletWebServerApplicationContext - Exception encountered during context initialization - cancelling refresh attempt: org.springframework.beans.factory.BeanCreationException: Error creating bean with name 'loginController': Injection of resource dependencies failed; nested exception is org.springframework.beans.factory.BeanCreationException: Error creating bean with name 'userServiceImpl': Injection of resource dependencies failed; nested exception is org.springframework.beans.factory.UnsatisfiedDependencyException: Error creating bean with name 'userDao' defined in file [E:\ideaProject\wx-bootapplication\bootapplication\target\classes\com\modules\bootapplication\modules\dao\UserDao.class]: Unsatisfied dependency expressed through bean property 'sqlSessionFactory'; nested exception is org.springframework.beans.factory.BeanCreationException: Error creating bean with name 'sqlSessionFactory' defined in class path resource [com/baomidou/mybatisplus/autoconfigure/MybatisPlusAutoConfiguration.class]: Bean instantiation via factory method failed; nested exception is org.springframework.beans.BeanInstantiationException: Failed to instantiate [org.apache.ibatis.session.SqlSessionFactory]: Factory method 'sqlSessionFactory' threw exception; nested exception is java.lang.NoSuchMethodError: com.baomidou.mybatisplus.core.MybatisConfiguration.init(Lcom/baomidou/mybatisplus/core/config/GlobalConfig;)V
16:56:41.378 logback-com.modules [main] WARN  t.m.s.mapper.ClassPathMapperScanner - No MyBatis mapper was found in '[com.modules.bootapplication.modules.intercepter, com.modules.bootapplication]' package. Please check your configuration.
16:57:05.068 logback-com.modules [main] WARN  o.s.b.w.s.c.AnnotationConfigServletWebServerApplicationContext - Exception encountered during context initialization - cancelling refresh attempt: org.springframework.beans.factory.BeanCreationException: Error creating bean with name 'loginController': Injection of resource dependencies failed; nested exception is org.springframework.beans.factory.BeanCreationException: Error creating bean with name 'userServiceImpl': Injection of resource dependencies failed; nested exception is org.springframework.beans.factory.UnsatisfiedDependencyException: Error creating bean with name 'userDao' defined in file [E:\ideaProject\wx-bootapplication\bootapplication\target\classes\com\modules\bootapplication\modules\dao\UserDao.class]: Unsatisfied dependency expressed through bean property 'sqlSessionFactory'; nested exception is org.springframework.beans.factory.BeanCreationException: Error creating bean with name 'sqlSessionFactory' defined in class path resource [com/baomidou/mybatisplus/autoconfigure/MybatisPlusAutoConfiguration.class]: Bean instantiation via factory method failed; nested exception is org.springframework.beans.BeanInstantiationException: Failed to instantiate [org.apache.ibatis.session.SqlSessionFactory]: Factory method 'sqlSessionFactory' threw exception; nested exception is java.lang.NoSuchMethodError: com.baomidou.mybatisplus.core.MybatisConfiguration.init(Lcom/baomidou/mybatisplus/core/config/GlobalConfig;)V
16:58:16.360 logback-com.modules [main] WARN  t.m.s.mapper.ClassPathMapperScanner - No MyBatis mapper was found in '[com.modules.bootapplication.modules.intercepter, com.modules.bootapplication]' package. Please check your configuration.
16:58:39.804 logback-com.modules [main] WARN  o.s.b.w.s.c.AnnotationConfigServletWebServerApplicationContext - Exception encountered during context initialization - cancelling refresh attempt: org.springframework.beans.factory.BeanCreationException: Error creating bean with name 'loginController': Injection of resource dependencies failed; nested exception is org.springframework.beans.factory.BeanCreationException: Error creating bean with name 'userServiceImpl': Injection of resource dependencies failed; nested exception is org.springframework.beans.factory.UnsatisfiedDependencyException: Error creating bean with name 'userDao' defined in file [E:\ideaProject\wx-bootapplication\bootapplication\target\classes\com\modules\bootapplication\modules\dao\UserDao.class]: Unsatisfied dependency expressed through bean property 'sqlSessionFactory'; nested exception is org.springframework.beans.factory.BeanCreationException: Error creating bean with name 'sqlSessionFactory' defined in class path resource [com/baomidou/mybatisplus/autoconfigure/MybatisPlusAutoConfiguration.class]: Bean instantiation via factory method failed; nested exception is org.springframework.beans.BeanInstantiationException: Failed to instantiate [org.apache.ibatis.session.SqlSessionFactory]: Factory method 'sqlSessionFactory' threw exception; nested exception is java.lang.NoSuchMethodError: com.baomidou.mybatisplus.core.MybatisConfiguration.init(Lcom/baomidou/mybatisplus/core/config/GlobalConfig;)V
17:00:13.637 logback-com.modules [main] WARN  t.m.s.mapper.ClassPathMapperScanner - No MyBatis mapper was found in '[com.modules.bootapplication.modules.intercepter, com.modules.bootapplication]' package. Please check your configuration.
17:00:37.414 logback-com.modules [main] WARN  o.s.b.w.s.c.AnnotationConfigServletWebServerApplicationContext - Exception encountered during context initialization - cancelling refresh attempt: org.springframework.beans.factory.BeanCreationException: Error creating bean with name 'loginController': Injection of resource dependencies failed; nested exception is org.springframework.beans.factory.BeanCreationException: Error creating bean with name 'userServiceImpl': Injection of resource dependencies failed; nested exception is org.springframework.beans.factory.UnsatisfiedDependencyException: Error creating bean with name 'userDao' defined in file [E:\ideaProject\wx-bootapplication\bootapplication\target\classes\com\modules\bootapplication\modules\dao\UserDao.class]: Unsatisfied dependency expressed through bean property 'sqlSessionFactory'; nested exception is org.springframework.beans.factory.BeanCreationException: Error creating bean with name 'sqlSessionFactory' defined in class path resource [com/baomidou/mybatisplus/autoconfigure/MybatisPlusAutoConfiguration.class]: Bean instantiation via factory method failed; nested exception is org.springframework.beans.BeanInstantiationException: Failed to instantiate [org.apache.ibatis.session.SqlSessionFactory]: Factory method 'sqlSessionFactory' threw exception; nested exception is java.lang.NoSuchMethodError: com.baomidou.mybatisplus.core.MybatisConfiguration.init(Lcom/baomidou/mybatisplus/core/config/GlobalConfig;)V
17:03:12.592 logback-com.modules [main] WARN  t.m.s.mapper.ClassPathMapperScanner - No MyBatis mapper was found in '[com.modules.bootapplication.modules.intercepter, com.modules.bootapplication]' package. Please check your configuration.
17:03:35.899 logback-com.modules [main] WARN  o.s.b.w.s.c.AnnotationConfigServletWebServerApplicationContext - Exception encountered during context initialization - cancelling refresh attempt: org.springframework.beans.factory.BeanCreationException: Error creating bean with name 'loginController': Injection of resource dependencies failed; nested exception is org.springframework.beans.factory.BeanCreationException: Error creating bean with name 'userServiceImpl': Injection of resource dependencies failed; nested exception is org.springframework.beans.factory.UnsatisfiedDependencyException: Error creating bean with name 'userDao' defined in file [E:\ideaProject\wx-bootapplication\bootapplication\target\classes\com\modules\bootapplication\modules\dao\UserDao.class]: Unsatisfied dependency expressed through bean property 'sqlSessionFactory'; nested exception is org.springframework.beans.factory.BeanCreationException: Error creating bean with name 'sqlSessionFactory' defined in class path resource [com/baomidou/mybatisplus/autoconfigure/MybatisPlusAutoConfiguration.class]: Bean instantiation via factory method failed; nested exception is org.springframework.beans.BeanInstantiationException: Failed to instantiate [org.apache.ibatis.session.SqlSessionFactory]: Factory method 'sqlSessionFactory' threw exception; nested exception is java.lang.NoSuchMethodError: com.baomidou.mybatisplus.core.MybatisConfiguration.init(Lcom/baomidou/mybatisplus/core/config/GlobalConfig;)V
17:13:07.714 logback-com.modules [main] WARN  t.m.s.mapper.ClassPathMapperScanner - No MyBatis mapper was found in '[com.modules.bootapplication.modules.intercepter, com.modules.bootapplication]' package. Please check your configuration.
17:13:31.629 logback-com.modules [main] WARN  o.s.b.w.s.c.AnnotationConfigServletWebServerApplicationContext - Exception encountered during context initialization - cancelling refresh attempt: org.springframework.beans.factory.BeanCreationException: Error creating bean with name 'loginController': Injection of resource dependencies failed; nested exception is org.springframework.beans.factory.BeanCreationException: Error creating bean with name 'userServiceImpl': Injection of resource dependencies failed; nested exception is org.springframework.beans.factory.UnsatisfiedDependencyException: Error creating bean with name 'userDao' defined in file [E:\ideaProject\wx-bootapplication\bootapplication\target\classes\com\modules\bootapplication\modules\dao\UserDao.class]: Unsatisfied dependency expressed through bean property 'sqlSessionFactory'; nested exception is org.springframework.beans.factory.BeanCreationException: Error creating bean with name 'sqlSessionFactory' defined in class path resource [com/baomidou/mybatisplus/autoconfigure/MybatisPlusAutoConfiguration.class]: Bean instantiation via factory method failed; nested exception is org.springframework.beans.BeanInstantiationException: Failed to instantiate [org.apache.ibatis.session.SqlSessionFactory]: Factory method 'sqlSessionFactory' threw exception; nested exception is java.lang.NoSuchMethodError: com.baomidou.mybatisplus.core.MybatisConfiguration.init(Lcom/baomidou/mybatisplus/core/config/GlobalConfig;)V
17:20:25.462 logback-com.modules [main] WARN  o.m.s.mapper.ClassPathMapperScanner - No MyBatis mapper was found in '[com.modules.bootapplication.modules.intercepter, com.modules.bootapplication]' package. Please check your configuration.
17:20:25.541 logback-com.modules [main] WARN  t.m.s.mapper.ClassPathMapperScanner - No MyBatis mapper was found in '[com.modules.bootapplication.modules.intercepter, com.modules.bootapplication]' package. Please check your configuration.
17:23:21.722 logback-com.modules [main] WARN  o.m.s.mapper.ClassPathMapperScanner - No MyBatis mapper was found in '[com.modules.bootapplication.modules.intercepter, com.modules.bootapplication]' package. Please check your configuration.
17:23:21.751 logback-com.modules [main] WARN  t.m.s.mapper.ClassPathMapperScanner - No MyBatis mapper was found in '[com.modules.bootapplication.modules.intercepter, com.modules.bootapplication]' package. Please check your configuration.
17:24:39.946 logback-com.modules [main] WARN  o.m.s.mapper.ClassPathMapperScanner - No MyBatis mapper was found in '[com.modules.bootapplication.modules.intercepter, com.modules.bootapplication]' package. Please check your configuration.
17:24:39.992 logback-com.modules [main] WARN  t.m.s.mapper.ClassPathMapperScanner - No MyBatis mapper was found in '[com.modules.bootapplication.modules.intercepter, com.modules.bootapplication]' package. Please check your configuration.
17:26:53.047 logback-com.modules [main] WARN  o.m.s.mapper.ClassPathMapperScanner - No MyBatis mapper was found in '[com.modules.bootapplication.modules.intercepter, com.modules.bootapplication]' package. Please check your configuration.
17:26:53.075 logback-com.modules [main] WARN  t.m.s.mapper.ClassPathMapperScanner - No MyBatis mapper was found in '[com.modules.bootapplication.modules.intercepter, com.modules.bootapplication]' package. Please check your configuration.
17:32:31.988 logback-com.modules [main] WARN  o.m.s.mapper.ClassPathMapperScanner - No MyBatis mapper was found in '[com.modules.bootapplication.modules.intercepter, com.modules.bootapplication]' package. Please check your configuration.
17:32:32.017 logback-com.modules [main] WARN  t.m.s.mapper.ClassPathMapperScanner - No MyBatis mapper was found in '[com.modules.bootapplication.modules.intercepter, com.modules.bootapplication]' package. Please check your configuration.
17:39:51.454 logback-com.modules [main] WARN  o.m.s.mapper.ClassPathMapperScanner - No MyBatis mapper was found in '[com.modules.bootapplication.modules.intercepter, com.modules.bootapplication]' package. Please check your configuration.
17:39:51.536 logback-com.modules [main] WARN  t.m.s.mapper.ClassPathMapperScanner - No MyBatis mapper was found in '[com.modules.bootapplication.modules.intercepter, com.modules.bootapplication]' package. Please check your configuration.
17:46:20.853 logback-com.modules [http-nio-8001-exec-5] WARN  o.s.web.servlet.PageNotFound - No mapping for POST /wenjuan/front/question/listJson
17:56:24.971 logback-com.modules [http-nio-8001-exec-7] WARN  o.s.web.servlet.PageNotFound - No mapping for POST /wenjuan/front/question/listJson
17:56:29.799 logback-com.modules [http-nio-8001-exec-6] WARN  o.s.web.servlet.PageNotFound - No mapping for POST /wenjuan/front/question/loadDetailed
18:02:38.463 logback-com.modules [http-nio-8001-exec-1] WARN  o.s.web.servlet.PageNotFound - No mapping for POST /wenjuan/front/question/listJson
18:02:40.310 logback-com.modules [http-nio-8001-exec-4] WARN  o.s.web.servlet.PageNotFound - No mapping for POST /wenjuan/front/question/listJson
18:02:41.354 logback-com.modules [http-nio-8001-exec-3] WARN  o.s.web.servlet.PageNotFound - No mapping for POST /wenjuan/front/question/listJson
18:02:42.488 logback-com.modules [http-nio-8001-exec-5] WARN  o.s.web.servlet.PageNotFound - No mapping for POST /wenjuan/front/question/listJson
18:02:43.761 logback-com.modules [http-nio-8001-exec-7] WARN  o.s.web.servlet.PageNotFound - No mapping for POST /wenjuan/front/question/listJson
18:02:51.155 logback-com.modules [http-nio-8001-exec-6] WARN  o.s.web.servlet.PageNotFound - No mapping for POST /wenjuan/front/vote/listJson
18:04:36.709 logback-com.modules [http-nio-8001-exec-4] WARN  o.s.web.servlet.PageNotFound - No mapping for POST /wenjuan/front/vote/listJson
18:05:09.530 logback-com.modules [http-nio-8001-exec-3] WARN  o.s.web.servlet.PageNotFound - No mapping for POST /wenjuan/front/question/listJson
18:05:34.327 logback-com.modules [http-nio-8001-exec-3] WARN  o.s.web.servlet.PageNotFound - No mapping for POST /wenjuan/front/question/listJson
18:05:37.111 logback-com.modules [http-nio-8001-exec-7] WARN  o.s.web.servlet.PageNotFound - No mapping for POST /wenjuan/front/question/listJson
18:05:37.148 logback-com.modules [http-nio-8001-exec-5] WARN  o.s.web.servlet.PageNotFound - No mapping for POST /wenjuan/front/question/listJson
18:05:37.148 logback-com.modules [http-nio-8001-exec-6] WARN  o.s.web.servlet.PageNotFound - No mapping for POST /wenjuan/front/question/listJson
18:05:37.148 logback-com.modules [http-nio-8001-exec-9] WARN  o.s.web.servlet.PageNotFound - No mapping for POST /wenjuan/front/question/listJson
18:48:16.510 logback-com.modules [main] WARN  o.m.s.mapper.ClassPathMapperScanner - No MyBatis mapper was found in '[com.modules.bootapplication.modules.intercepter, com.modules.bootapplication]' package. Please check your configuration.
18:48:16.538 logback-com.modules [main] WARN  t.m.s.mapper.ClassPathMapperScanner - No MyBatis mapper was found in '[com.modules.bootapplication.modules.intercepter, com.modules.bootapplication]' package. Please check your configuration.
