15:46:51.531 logback-com.modules [main] INFO  com.modules.BootApplication - Starting BootApplication on v_vllchen-PC0 with PID 18312 (E:\ideaProject\wx-bootapplication\bootapplication\target\classes started by v_vllchen in E:\ideaProject\wx-bootapplication\bootapplication)
15:46:51.534 logback-com.modules [main] INFO  com.modules.BootApplication - No active profile set, falling back to default profiles: default
15:46:58.370 logback-com.modules [main] INFO  o.a.coyote.http11.Http11NioProtocol - Initializing ProtocolHandler ["http-nio-8001"]
15:46:58.371 logback-com.modules [main] INFO  o.a.catalina.core.StandardService - Starting service [Tomcat]
15:46:58.371 logback-com.modules [main] INFO  o.a.catalina.core.StandardEngine - Starting Servlet engine: [Apache Tomcat/9.0.36]
15:46:58.828 logback-com.modules [main] INFO  o.a.c.c.C.[Tomcat].[localhost].[/] - Initializing Spring embedded WebApplicationContext
15:47:00.606 logback-com.modules [main] INFO  org.mongodb.driver.cluster - Cluster created with settings {hosts=[localhost:27017], mode=SINGLE, requiredClusterType=UNKNOWN, serverSelectionTimeout='30000 ms', maxWaitQueueSize=500}
15:47:01.344 logback-com.modules [cluster-ClusterId{value='5f1fd7f47a9c3709107b3ee8', description='null'}-localhost:27017] INFO  org.mongodb.driver.connection - Opened connection [connectionId{localValue:1, serverValue:1}] to localhost:27017
15:47:01.346 logback-com.modules [cluster-ClusterId{value='5f1fd7f47a9c3709107b3ee8', description='null'}-localhost:27017] INFO  org.mongodb.driver.cluster - Monitor thread successfully connected to server with description ServerDescription{address=localhost:27017, type=STANDALONE, state=CONNECTED, ok=true, version=ServerVersion{versionList=[3, 2, 21]}, minWireVersion=0, maxWireVersion=4, maxDocumentSize=16777216, logicalSessionTimeoutMinutes=null, roundTripTimeNanos=968000}
15:47:02.960 logback-com.modules [main] INFO  c.m.common.utils.PropertiesLoader - Could not load properties from path:jeesite.properties, class path resource [jeesite.properties] cannot be opened because it does not exist
15:47:24.590 logback-com.modules [main] INFO  o.a.catalina.core.StandardService - Stopping service [Tomcat]
15:58:48.736 logback-com.modules [main] INFO  com.modules.BootApplication - Starting BootApplication on v_vllchen-PC0 with PID 5040 (E:\ideaProject\wx-bootapplication\bootapplication\target\classes started by v_vllchen in E:\ideaProject\wx-bootapplication\bootapplication)
15:58:48.776 logback-com.modules [main] INFO  com.modules.BootApplication - No active profile set, falling back to default profiles: default
15:58:53.325 logback-com.modules [main] INFO  o.a.coyote.http11.Http11NioProtocol - Initializing ProtocolHandler ["http-nio-8001"]
15:58:53.326 logback-com.modules [main] INFO  o.a.catalina.core.StandardService - Starting service [Tomcat]
15:58:53.326 logback-com.modules [main] INFO  o.a.catalina.core.StandardEngine - Starting Servlet engine: [Apache Tomcat/9.0.36]
15:58:53.542 logback-com.modules [main] INFO  o.a.c.c.C.[Tomcat].[localhost].[/] - Initializing Spring embedded WebApplicationContext
15:58:54.201 logback-com.modules [main] INFO  org.mongodb.driver.cluster - Cluster created with settings {hosts=[localhost:27017], mode=SINGLE, requiredClusterType=UNKNOWN, serverSelectionTimeout='30000 ms', maxWaitQueueSize=500}
15:58:54.433 logback-com.modules [cluster-ClusterId{value='5f1fdabea20ae41ed46de6aa', description='null'}-localhost:27017] INFO  org.mongodb.driver.connection - Opened connection [connectionId{localValue:1, serverValue:2}] to localhost:27017
15:58:54.437 logback-com.modules [cluster-ClusterId{value='5f1fdabea20ae41ed46de6aa', description='null'}-localhost:27017] INFO  org.mongodb.driver.cluster - Monitor thread successfully connected to server with description ServerDescription{address=localhost:27017, type=STANDALONE, state=CONNECTED, ok=true, version=ServerVersion{versionList=[3, 2, 21]}, minWireVersion=0, maxWireVersion=4, maxDocumentSize=16777216, logicalSessionTimeoutMinutes=null, roundTripTimeNanos=1661400}
15:58:55.509 logback-com.modules [main] INFO  c.m.common.utils.PropertiesLoader - Could not load properties from path:jeesite.properties, class path resource [jeesite.properties] cannot be opened because it does not exist
15:59:16.766 logback-com.modules [main] INFO  o.a.catalina.core.StandardService - Stopping service [Tomcat]
16:05:09.969 logback-com.modules [main] INFO  com.modules.BootApplication - Starting BootApplication on v_vllchen-PC0 with PID 7268 (E:\ideaProject\wx-bootapplication\bootapplication\target\classes started by v_vllchen in E:\ideaProject\wx-bootapplication\bootapplication)
16:05:09.986 logback-com.modules [main] INFO  com.modules.BootApplication - No active profile set, falling back to default profiles: default
16:05:14.957 logback-com.modules [main] INFO  o.a.coyote.http11.Http11NioProtocol - Initializing ProtocolHandler ["http-nio-8001"]
16:05:14.971 logback-com.modules [main] INFO  o.a.catalina.core.StandardService - Starting service [Tomcat]
16:05:14.972 logback-com.modules [main] INFO  o.a.catalina.core.StandardEngine - Starting Servlet engine: [Apache Tomcat/9.0.36]
16:05:15.304 logback-com.modules [main] INFO  o.a.c.c.C.[Tomcat].[localhost].[/] - Initializing Spring embedded WebApplicationContext
16:05:16.677 logback-com.modules [main] INFO  org.mongodb.driver.cluster - Cluster created with settings {hosts=[localhost:27017], mode=SINGLE, requiredClusterType=UNKNOWN, serverSelectionTimeout='30000 ms', maxWaitQueueSize=500}
16:05:16.941 logback-com.modules [cluster-ClusterId{value='5f1fdc3c7d5fd6751db7b325', description='null'}-localhost:27017] INFO  org.mongodb.driver.connection - Opened connection [connectionId{localValue:1, serverValue:3}] to localhost:27017
16:05:16.945 logback-com.modules [cluster-ClusterId{value='5f1fdc3c7d5fd6751db7b325', description='null'}-localhost:27017] INFO  org.mongodb.driver.cluster - Monitor thread successfully connected to server with description ServerDescription{address=localhost:27017, type=STANDALONE, state=CONNECTED, ok=true, version=ServerVersion{versionList=[3, 2, 21]}, minWireVersion=0, maxWireVersion=4, maxDocumentSize=16777216, logicalSessionTimeoutMinutes=null, roundTripTimeNanos=1298900}
16:05:19.227 logback-com.modules [main] INFO  c.m.common.utils.PropertiesLoader - Could not load properties from path:jeesite.properties, class path resource [jeesite.properties] cannot be opened because it does not exist
16:05:40.760 logback-com.modules [main] INFO  o.a.catalina.core.StandardService - Stopping service [Tomcat]
16:12:36.784 logback-com.modules [main] INFO  com.modules.BootApplication - Starting BootApplication on v_vllchen-PC0 with PID 7012 (E:\ideaProject\wx-bootapplication\bootapplication\target\classes started by v_vllchen in E:\ideaProject\wx-bootapplication\bootapplication)
16:12:36.809 logback-com.modules [main] INFO  com.modules.BootApplication - No active profile set, falling back to default profiles: default
16:12:39.816 logback-com.modules [main] INFO  o.a.coyote.http11.Http11NioProtocol - Initializing ProtocolHandler ["http-nio-8001"]
16:12:39.830 logback-com.modules [main] INFO  o.a.catalina.core.StandardService - Starting service [Tomcat]
16:12:39.830 logback-com.modules [main] INFO  o.a.catalina.core.StandardEngine - Starting Servlet engine: [Apache Tomcat/9.0.36]
16:12:39.836 logback-com.modules [main] INFO  o.a.c.core.AprLifecycleListener - The Apache Tomcat Native library which allows using OpenSSL was not found on the java.library.path: [D:\Java\jdk1.8.0_241\bin;C:\windows\Sun\Java\bin;C:\windows\system32;C:\windows;C:\Program Files (x86)\Common Files\Oracle\Java\javapath;C:\windows\system32;C:\windows;C:\windows\System32\Wbem;C:\windows\System32\WindowsPowerShell\v1.0\;C:\windows\System32\OpenSSH\;D:\Git\cmd;D:\Java\jdk1.8.0_241\bin;D:\Java\jdk1.8.0_241\jre\bin;D:\nodejs\;D:\apache-zookeeper-3.6.0-bin\apache-zookeeper-3.6.0-bin\bin;C:\Users\v_vllchen\AppData\Local\Microsoft\WindowsApps;D:\nodejs\node_global;C:\Users\v_vllchen\AppData\Local\UGit\app-1.10.140\resources\app\git\cmd;C:\Users\v_vllchen\AppData\Local\UGit\bin;.]
16:12:40.001 logback-com.modules [main] INFO  o.a.c.c.C.[Tomcat].[localhost].[/] - Initializing Spring embedded WebApplicationContext
16:12:41.065 logback-com.modules [main] INFO  org.mongodb.driver.cluster - Cluster created with settings {hosts=[localhost:27017], mode=SINGLE, requiredClusterType=UNKNOWN, serverSelectionTimeout='30000 ms', maxWaitQueueSize=500}
16:12:41.300 logback-com.modules [cluster-ClusterId{value='5f1fddf91da5211b645cfb82', description='null'}-localhost:27017] INFO  org.mongodb.driver.connection - Opened connection [connectionId{localValue:1, serverValue:4}] to localhost:27017
16:12:41.305 logback-com.modules [cluster-ClusterId{value='5f1fddf91da5211b645cfb82', description='null'}-localhost:27017] INFO  org.mongodb.driver.cluster - Monitor thread successfully connected to server with description ServerDescription{address=localhost:27017, type=STANDALONE, state=CONNECTED, ok=true, version=ServerVersion{versionList=[3, 2, 21]}, minWireVersion=0, maxWireVersion=4, maxDocumentSize=16777216, logicalSessionTimeoutMinutes=null, roundTripTimeNanos=1385700}
16:12:42.042 logback-com.modules [main] INFO  c.m.common.utils.PropertiesLoader - Could not load properties from path:jeesite.properties, class path resource [jeesite.properties] cannot be opened because it does not exist
16:13:03.203 logback-com.modules [main] INFO  o.a.catalina.core.StandardService - Stopping service [Tomcat]
16:16:12.786 logback-com.modules [main] INFO  com.modules.BootApplication - Starting BootApplication on v_vllchen-PC0 with PID 19392 (E:\ideaProject\wx-bootapplication\bootapplication\target\classes started by v_vllchen in E:\ideaProject\wx-bootapplication\bootapplication)
16:16:12.802 logback-com.modules [main] INFO  com.modules.BootApplication - No active profile set, falling back to default profiles: default
16:16:17.844 logback-com.modules [main] INFO  o.a.coyote.http11.Http11NioProtocol - Initializing ProtocolHandler ["http-nio-8001"]
16:16:17.864 logback-com.modules [main] INFO  o.a.catalina.core.StandardService - Starting service [Tomcat]
16:16:17.864 logback-com.modules [main] INFO  o.a.catalina.core.StandardEngine - Starting Servlet engine: [Apache Tomcat/9.0.36]
16:16:17.880 logback-com.modules [main] INFO  o.a.c.core.AprLifecycleListener - The Apache Tomcat Native library which allows using OpenSSL was not found on the java.library.path: [D:\Java\jdk1.8.0_241\bin;C:\windows\Sun\Java\bin;C:\windows\system32;C:\windows;C:\Program Files (x86)\Common Files\Oracle\Java\javapath;C:\windows\system32;C:\windows;C:\windows\System32\Wbem;C:\windows\System32\WindowsPowerShell\v1.0\;C:\windows\System32\OpenSSH\;D:\Git\cmd;D:\Java\jdk1.8.0_241\bin;D:\Java\jdk1.8.0_241\jre\bin;D:\nodejs\;D:\apache-zookeeper-3.6.0-bin\apache-zookeeper-3.6.0-bin\bin;C:\Users\v_vllchen\AppData\Local\Microsoft\WindowsApps;D:\nodejs\node_global;C:\Users\v_vllchen\AppData\Local\UGit\app-1.10.140\resources\app\git\cmd;C:\Users\v_vllchen\AppData\Local\UGit\bin;.]
16:16:18.119 logback-com.modules [main] INFO  o.a.c.c.C.[Tomcat].[localhost].[/] - Initializing Spring embedded WebApplicationContext
16:16:20.237 logback-com.modules [main] INFO  org.mongodb.driver.cluster - Cluster created with settings {hosts=[localhost:27017], mode=SINGLE, requiredClusterType=UNKNOWN, serverSelectionTimeout='30000 ms', maxWaitQueueSize=500}
16:16:20.344 logback-com.modules [cluster-ClusterId{value='5f1fded41da5214bc08d8139', description='null'}-localhost:27017] INFO  org.mongodb.driver.connection - Opened connection [connectionId{localValue:1, serverValue:5}] to localhost:27017
16:16:20.348 logback-com.modules [cluster-ClusterId{value='5f1fded41da5214bc08d8139', description='null'}-localhost:27017] INFO  org.mongodb.driver.cluster - Monitor thread successfully connected to server with description ServerDescription{address=localhost:27017, type=STANDALONE, state=CONNECTED, ok=true, version=ServerVersion{versionList=[3, 2, 21]}, minWireVersion=0, maxWireVersion=4, maxDocumentSize=16777216, logicalSessionTimeoutMinutes=null, roundTripTimeNanos=1122000}
16:16:21.307 logback-com.modules [main] INFO  c.m.common.utils.PropertiesLoader - Could not load properties from path:jeesite.properties, class path resource [jeesite.properties] cannot be opened because it does not exist
16:16:42.398 logback-com.modules [main] INFO  o.a.catalina.core.StandardService - Stopping service [Tomcat]
16:23:06.680 logback-com.modules [main] INFO  com.modules.BootApplication - Starting BootApplication on v_vllchen-PC0 with PID 1316 (E:\ideaProject\wx-bootapplication\bootapplication\target\classes started by v_vllchen in E:\ideaProject\wx-bootapplication\bootapplication)
16:23:06.694 logback-com.modules [main] INFO  com.modules.BootApplication - No active profile set, falling back to default profiles: default
16:23:10.078 logback-com.modules [main] INFO  o.a.coyote.http11.Http11NioProtocol - Initializing ProtocolHandler ["http-nio-8001"]
16:23:10.091 logback-com.modules [main] INFO  o.a.catalina.core.StandardService - Starting service [Tomcat]
16:23:10.091 logback-com.modules [main] INFO  o.a.catalina.core.StandardEngine - Starting Servlet engine: [Apache Tomcat/9.0.36]
16:23:10.095 logback-com.modules [main] INFO  o.a.c.core.AprLifecycleListener - The Apache Tomcat Native library which allows using OpenSSL was not found on the java.library.path: [D:\Java\jdk1.8.0_241\bin;C:\windows\Sun\Java\bin;C:\windows\system32;C:\windows;C:\Program Files (x86)\Common Files\Oracle\Java\javapath;C:\windows\system32;C:\windows;C:\windows\System32\Wbem;C:\windows\System32\WindowsPowerShell\v1.0\;C:\windows\System32\OpenSSH\;D:\Git\cmd;D:\Java\jdk1.8.0_241\bin;D:\Java\jdk1.8.0_241\jre\bin;D:\nodejs\;D:\apache-zookeeper-3.6.0-bin\apache-zookeeper-3.6.0-bin\bin;C:\Users\v_vllchen\AppData\Local\Microsoft\WindowsApps;D:\nodejs\node_global;C:\Users\v_vllchen\AppData\Local\UGit\app-1.10.140\resources\app\git\cmd;C:\Users\v_vllchen\AppData\Local\UGit\bin;.]
16:23:10.230 logback-com.modules [main] INFO  o.a.c.c.C.[Tomcat].[localhost].[/] - Initializing Spring embedded WebApplicationContext
16:23:11.231 logback-com.modules [main] INFO  org.mongodb.driver.cluster - Cluster created with settings {hosts=[localhost:27017], mode=SINGLE, requiredClusterType=UNKNOWN, serverSelectionTimeout='30000 ms', maxWaitQueueSize=500}
16:23:11.356 logback-com.modules [cluster-ClusterId{value='5f1fe06f1da5210524828b1b', description='null'}-localhost:27017] INFO  org.mongodb.driver.connection - Opened connection [connectionId{localValue:1, serverValue:6}] to localhost:27017
16:23:11.359 logback-com.modules [cluster-ClusterId{value='5f1fe06f1da5210524828b1b', description='null'}-localhost:27017] INFO  org.mongodb.driver.cluster - Monitor thread successfully connected to server with description ServerDescription{address=localhost:27017, type=STANDALONE, state=CONNECTED, ok=true, version=ServerVersion{versionList=[3, 2, 21]}, minWireVersion=0, maxWireVersion=4, maxDocumentSize=16777216, logicalSessionTimeoutMinutes=null, roundTripTimeNanos=867600}
16:23:12.055 logback-com.modules [main] INFO  c.m.common.utils.PropertiesLoader - Could not load properties from path:jeesite.properties, class path resource [jeesite.properties] cannot be opened because it does not exist
16:23:33.190 logback-com.modules [main] INFO  o.a.catalina.core.StandardService - Stopping service [Tomcat]
16:24:22.823 logback-com.modules [main] INFO  com.modules.BootApplication - Starting BootApplication on v_vllchen-PC0 with PID 17648 (E:\ideaProject\wx-bootapplication\bootapplication\target\classes started by v_vllchen in E:\ideaProject\wx-bootapplication\bootapplication)
16:24:22.826 logback-com.modules [main] INFO  com.modules.BootApplication - No active profile set, falling back to default profiles: default
16:24:26.122 logback-com.modules [main] INFO  o.a.coyote.http11.Http11NioProtocol - Initializing ProtocolHandler ["http-nio-8001"]
16:24:26.140 logback-com.modules [main] INFO  o.a.catalina.core.StandardService - Starting service [Tomcat]
16:24:26.141 logback-com.modules [main] INFO  o.a.catalina.core.StandardEngine - Starting Servlet engine: [Apache Tomcat/9.0.36]
16:24:26.146 logback-com.modules [main] INFO  o.a.c.core.AprLifecycleListener - The Apache Tomcat Native library which allows using OpenSSL was not found on the java.library.path: [D:\Java\jdk1.8.0_241\bin;C:\windows\Sun\Java\bin;C:\windows\system32;C:\windows;C:\Program Files (x86)\Common Files\Oracle\Java\javapath;C:\windows\system32;C:\windows;C:\windows\System32\Wbem;C:\windows\System32\WindowsPowerShell\v1.0\;C:\windows\System32\OpenSSH\;D:\Git\cmd;D:\Java\jdk1.8.0_241\bin;D:\Java\jdk1.8.0_241\jre\bin;D:\nodejs\;D:\apache-zookeeper-3.6.0-bin\apache-zookeeper-3.6.0-bin\bin;C:\Users\v_vllchen\AppData\Local\Microsoft\WindowsApps;D:\nodejs\node_global;C:\Users\v_vllchen\AppData\Local\UGit\app-1.10.140\resources\app\git\cmd;C:\Users\v_vllchen\AppData\Local\UGit\bin;.]
16:24:26.298 logback-com.modules [main] INFO  o.a.c.c.C.[Tomcat].[localhost].[/] - Initializing Spring embedded WebApplicationContext
16:24:27.369 logback-com.modules [main] INFO  org.mongodb.driver.cluster - Cluster created with settings {hosts=[localhost:27017], mode=SINGLE, requiredClusterType=UNKNOWN, serverSelectionTimeout='30000 ms', maxWaitQueueSize=500}
16:24:27.506 logback-com.modules [cluster-ClusterId{value='5f1fe0bb1da52144f0a535c0', description='null'}-localhost:27017] INFO  org.mongodb.driver.connection - Opened connection [connectionId{localValue:1, serverValue:7}] to localhost:27017
16:24:27.509 logback-com.modules [cluster-ClusterId{value='5f1fe0bb1da52144f0a535c0', description='null'}-localhost:27017] INFO  org.mongodb.driver.cluster - Monitor thread successfully connected to server with description ServerDescription{address=localhost:27017, type=STANDALONE, state=CONNECTED, ok=true, version=ServerVersion{versionList=[3, 2, 21]}, minWireVersion=0, maxWireVersion=4, maxDocumentSize=16777216, logicalSessionTimeoutMinutes=null, roundTripTimeNanos=910900}
16:24:28.333 logback-com.modules [main] INFO  c.m.common.utils.PropertiesLoader - Could not load properties from path:jeesite.properties, class path resource [jeesite.properties] cannot be opened because it does not exist
16:24:49.910 logback-com.modules [main] INFO  o.a.catalina.core.StandardService - Stopping service [Tomcat]
16:26:59.818 logback-com.modules [main] INFO  com.modules.BootApplication - Starting BootApplication on v_vllchen-PC0 with PID 15852 (E:\ideaProject\wx-bootapplication\bootapplication\target\classes started by v_vllchen in E:\ideaProject\wx-bootapplication\bootapplication)
16:26:59.833 logback-com.modules [main] INFO  com.modules.BootApplication - No active profile set, falling back to default profiles: default
16:29:10.814 logback-com.modules [main] INFO  com.modules.BootApplication - Starting BootApplication on v_vllchen-PC0 with PID 18592 (E:\ideaProject\wx-bootapplication\bootapplication\target\classes started by v_vllchen in E:\ideaProject\wx-bootapplication\bootapplication)
16:29:10.827 logback-com.modules [main] INFO  com.modules.BootApplication - No active profile set, falling back to default profiles: default
16:29:13.605 logback-com.modules [main] INFO  o.a.coyote.http11.Http11NioProtocol - Initializing ProtocolHandler ["http-nio-8001"]
16:29:13.607 logback-com.modules [main] INFO  o.a.catalina.core.StandardService - Starting service [Tomcat]
16:29:13.607 logback-com.modules [main] INFO  o.a.catalina.core.StandardEngine - Starting Servlet engine: [Apache Tomcat/9.0.36]
16:29:13.742 logback-com.modules [main] INFO  o.a.c.c.C.[Tomcat].[localhost].[/] - Initializing Spring embedded WebApplicationContext
16:29:14.288 logback-com.modules [main] INFO  org.mongodb.driver.cluster - Cluster created with settings {hosts=[localhost:27017], mode=SINGLE, requiredClusterType=UNKNOWN, serverSelectionTimeout='30000 ms', maxWaitQueueSize=500}
16:29:14.399 logback-com.modules [cluster-ClusterId{value='5f1fe1da1dd9676bbd65db5f', description='null'}-localhost:27017] INFO  org.mongodb.driver.connection - Opened connection [connectionId{localValue:1, serverValue:8}] to localhost:27017
16:29:14.402 logback-com.modules [cluster-ClusterId{value='5f1fe1da1dd9676bbd65db5f', description='null'}-localhost:27017] INFO  org.mongodb.driver.cluster - Monitor thread successfully connected to server with description ServerDescription{address=localhost:27017, type=STANDALONE, state=CONNECTED, ok=true, version=ServerVersion{versionList=[3, 2, 21]}, minWireVersion=0, maxWireVersion=4, maxDocumentSize=16777216, logicalSessionTimeoutMinutes=null, roundTripTimeNanos=998300}
16:29:15.199 logback-com.modules [main] INFO  c.m.common.utils.PropertiesLoader - Could not load properties from path:jeesite.properties, class path resource [jeesite.properties] cannot be opened because it does not exist
16:29:36.567 logback-com.modules [main] INFO  c.alibaba.druid.pool.DruidDataSource - {dataSource-1} inited
16:29:37.002 logback-com.modules [main] INFO  c.alibaba.druid.pool.DruidDataSource - {dataSource-1} closed
16:29:37.071 logback-com.modules [main] INFO  o.a.catalina.core.StandardService - Stopping service [Tomcat]
16:30:24.584 logback-com.modules [main] INFO  com.modules.BootApplication - Starting BootApplication on v_vllchen-PC0 with PID 18604 (E:\ideaProject\wx-bootapplication\bootapplication\target\classes started by v_vllchen in E:\ideaProject\wx-bootapplication\bootapplication)
16:30:24.598 logback-com.modules [main] INFO  com.modules.BootApplication - No active profile set, falling back to default profiles: default
16:34:35.195 logback-com.modules [main] INFO  com.modules.BootApplication - Starting BootApplication on v_vllchen-PC0 with PID 8292 (E:\ideaProject\wx-bootapplication\bootapplication\target\classes started by v_vllchen in E:\ideaProject\wx-bootapplication\bootapplication)
16:34:35.222 logback-com.modules [main] INFO  com.modules.BootApplication - No active profile set, falling back to default profiles: default
16:35:45.373 logback-com.modules [main] INFO  com.modules.BootApplication - Starting BootApplication on v_vllchen-PC0 with PID 18852 (E:\ideaProject\wx-bootapplication\bootapplication\target\classes started by v_vllchen in E:\ideaProject\wx-bootapplication\bootapplication)
16:35:45.376 logback-com.modules [main] INFO  com.modules.BootApplication - No active profile set, falling back to default profiles: default
16:35:47.631 logback-com.modules [main] INFO  o.a.coyote.http11.Http11NioProtocol - Initializing ProtocolHandler ["http-nio-8001"]
16:35:47.633 logback-com.modules [main] INFO  o.a.catalina.core.StandardService - Starting service [Tomcat]
16:35:47.634 logback-com.modules [main] INFO  o.a.catalina.core.StandardEngine - Starting Servlet engine: [Apache Tomcat/9.0.36]
16:35:47.899 logback-com.modules [main] INFO  o.a.c.c.C.[Tomcat].[localhost].[/] - Initializing Spring embedded WebApplicationContext
16:35:48.460 logback-com.modules [main] INFO  org.mongodb.driver.cluster - Cluster created with settings {hosts=[localhost:27017], mode=SINGLE, requiredClusterType=UNKNOWN, serverSelectionTimeout='30000 ms', maxWaitQueueSize=500}
16:35:48.618 logback-com.modules [cluster-ClusterId{value='5f1fe364df73f63c657150a5', description='null'}-localhost:27017] INFO  org.mongodb.driver.connection - Opened connection [connectionId{localValue:1, serverValue:9}] to localhost:27017
16:35:48.622 logback-com.modules [cluster-ClusterId{value='5f1fe364df73f63c657150a5', description='null'}-localhost:27017] INFO  org.mongodb.driver.cluster - Monitor thread successfully connected to server with description ServerDescription{address=localhost:27017, type=STANDALONE, state=CONNECTED, ok=true, version=ServerVersion{versionList=[3, 2, 21]}, minWireVersion=0, maxWireVersion=4, maxDocumentSize=16777216, logicalSessionTimeoutMinutes=null, roundTripTimeNanos=1698500}
16:35:49.471 logback-com.modules [main] INFO  c.m.common.utils.PropertiesLoader - Could not load properties from path:jeesite.properties, class path resource [jeesite.properties] cannot be opened because it does not exist
16:36:10.819 logback-com.modules [main] INFO  c.alibaba.druid.pool.DruidDataSource - {dataSource-1} inited
16:36:11.222 logback-com.modules [main] INFO  c.alibaba.druid.pool.DruidDataSource - {dataSource-1} closed
16:36:11.285 logback-com.modules [main] INFO  o.a.catalina.core.StandardService - Stopping service [Tomcat]
16:38:04.235 logback-com.modules [main] INFO  com.modules.BootApplication - Starting BootApplication on v_vllchen-PC0 with PID 15996 (E:\ideaProject\wx-bootapplication\bootapplication\target\classes started by v_vllchen in E:\ideaProject\wx-bootapplication\bootapplication)
16:38:04.238 logback-com.modules [main] INFO  com.modules.BootApplication - No active profile set, falling back to default profiles: default
16:38:49.187 logback-com.modules [main] INFO  com.modules.BootApplication - Starting BootApplication on v_vllchen-PC0 with PID 13104 (E:\ideaProject\wx-bootapplication\bootapplication\target\classes started by v_vllchen in E:\ideaProject\wx-bootapplication\bootapplication)
16:38:49.191 logback-com.modules [main] INFO  com.modules.BootApplication - No active profile set, falling back to default profiles: default
16:43:09.880 logback-com.modules [main] INFO  com.modules.BootApplication - Starting BootApplication on v_vllchen-PC0 with PID 17172 (E:\ideaProject\wx-bootapplication\bootapplication\target\classes started by v_vllchen in E:\ideaProject\wx-bootapplication\bootapplication)
16:43:09.885 logback-com.modules [main] INFO  com.modules.BootApplication - No active profile set, falling back to default profiles: default
16:43:13.193 logback-com.modules [main] INFO  o.a.coyote.http11.Http11NioProtocol - Initializing ProtocolHandler ["http-nio-8001"]
16:43:13.194 logback-com.modules [main] INFO  o.a.catalina.core.StandardService - Starting service [Tomcat]
16:43:13.194 logback-com.modules [main] INFO  o.a.catalina.core.StandardEngine - Starting Servlet engine: [Apache Tomcat/9.0.36]
16:43:13.662 logback-com.modules [main] INFO  o.a.c.c.C.[Tomcat].[localhost].[/] - Initializing Spring embedded WebApplicationContext
16:43:14.338 logback-com.modules [main] INFO  org.mongodb.driver.cluster - Cluster created with settings {hosts=[localhost:27017], mode=SINGLE, requiredClusterType=UNKNOWN, serverSelectionTimeout='30000 ms', maxWaitQueueSize=500}
16:43:14.513 logback-com.modules [cluster-ClusterId{value='5f1fe522346a227c273afbb4', description='null'}-localhost:27017] INFO  org.mongodb.driver.connection - Opened connection [connectionId{localValue:1, serverValue:10}] to localhost:27017
16:43:14.517 logback-com.modules [cluster-ClusterId{value='5f1fe522346a227c273afbb4', description='null'}-localhost:27017] INFO  org.mongodb.driver.cluster - Monitor thread successfully connected to server with description ServerDescription{address=localhost:27017, type=STANDALONE, state=CONNECTED, ok=true, version=ServerVersion{versionList=[3, 2, 21]}, minWireVersion=0, maxWireVersion=4, maxDocumentSize=16777216, logicalSessionTimeoutMinutes=null, roundTripTimeNanos=1107800}
16:43:15.305 logback-com.modules [main] INFO  c.m.common.utils.PropertiesLoader - Could not load properties from path:jeesite.properties, class path resource [jeesite.properties] cannot be opened because it does not exist
16:43:36.766 logback-com.modules [main] INFO  c.alibaba.druid.pool.DruidDataSource - {dataSource-1} inited
16:43:37.210 logback-com.modules [main] INFO  c.alibaba.druid.pool.DruidDataSource - {dataSource-1} closed
16:43:37.282 logback-com.modules [main] INFO  o.a.catalina.core.StandardService - Stopping service [Tomcat]
16:44:13.991 logback-com.modules [main] INFO  com.modules.BootApplication - Starting BootApplication on v_vllchen-PC0 with PID 1796 (E:\ideaProject\wx-bootapplication\bootapplication\target\classes started by v_vllchen in E:\ideaProject\wx-bootapplication\bootapplication)
16:44:13.993 logback-com.modules [main] INFO  com.modules.BootApplication - No active profile set, falling back to default profiles: default
16:44:16.224 logback-com.modules [main] INFO  o.a.coyote.http11.Http11NioProtocol - Initializing ProtocolHandler ["http-nio-8001"]
16:44:16.225 logback-com.modules [main] INFO  o.a.catalina.core.StandardService - Starting service [Tomcat]
16:44:16.225 logback-com.modules [main] INFO  o.a.catalina.core.StandardEngine - Starting Servlet engine: [Apache Tomcat/9.0.36]
16:44:16.330 logback-com.modules [main] INFO  o.a.c.c.C.[Tomcat].[localhost].[/] - Initializing Spring embedded WebApplicationContext
16:44:16.755 logback-com.modules [main] INFO  org.mongodb.driver.cluster - Cluster created with settings {hosts=[localhost:27017], mode=SINGLE, requiredClusterType=UNKNOWN, serverSelectionTimeout='30000 ms', maxWaitQueueSize=500}
16:44:16.803 logback-com.modules [cluster-ClusterId{value='5f1fe560d1184152fde191e9', description='null'}-localhost:27017] INFO  org.mongodb.driver.connection - Opened connection [connectionId{localValue:1, serverValue:11}] to localhost:27017
16:44:16.805 logback-com.modules [cluster-ClusterId{value='5f1fe560d1184152fde191e9', description='null'}-localhost:27017] INFO  org.mongodb.driver.cluster - Monitor thread successfully connected to server with description ServerDescription{address=localhost:27017, type=STANDALONE, state=CONNECTED, ok=true, version=ServerVersion{versionList=[3, 2, 21]}, minWireVersion=0, maxWireVersion=4, maxDocumentSize=16777216, logicalSessionTimeoutMinutes=null, roundTripTimeNanos=946300}
16:44:17.247 logback-com.modules [main] INFO  c.m.common.utils.PropertiesLoader - Could not load properties from path:jeesite.properties, class path resource [jeesite.properties] cannot be opened because it does not exist
16:44:38.493 logback-com.modules [main] INFO  c.alibaba.druid.pool.DruidDataSource - {dataSource-1} inited
16:44:38.787 logback-com.modules [main] INFO  c.alibaba.druid.pool.DruidDataSource - {dataSource-1} closed
16:44:38.806 logback-com.modules [main] INFO  o.a.catalina.core.StandardService - Stopping service [Tomcat]
16:46:23.951 logback-com.modules [main] INFO  com.modules.BootApplication - Starting BootApplication on v_vllchen-PC0 with PID 19236 (E:\ideaProject\wx-bootapplication\bootapplication\target\classes started by v_vllchen in E:\ideaProject\wx-bootapplication\bootapplication)
16:46:23.959 logback-com.modules [main] INFO  com.modules.BootApplication - No active profile set, falling back to default profiles: default
16:46:28.627 logback-com.modules [main] INFO  o.a.coyote.http11.Http11NioProtocol - Initializing ProtocolHandler ["http-nio-8001"]
16:46:28.628 logback-com.modules [main] INFO  o.a.catalina.core.StandardService - Starting service [Tomcat]
16:46:28.628 logback-com.modules [main] INFO  o.a.catalina.core.StandardEngine - Starting Servlet engine: [Apache Tomcat/9.0.36]
16:46:28.790 logback-com.modules [main] INFO  o.a.c.c.C.[Tomcat].[localhost].[/] - Initializing Spring embedded WebApplicationContext
16:46:29.778 logback-com.modules [main] INFO  org.mongodb.driver.cluster - Cluster created with settings {hosts=[localhost:27017], mode=SINGLE, requiredClusterType=UNKNOWN, serverSelectionTimeout='30000 ms', maxWaitQueueSize=500}
16:46:30.125 logback-com.modules [cluster-ClusterId{value='5f1fe5e56d68a36b2325840c', description='null'}-localhost:27017] INFO  org.mongodb.driver.connection - Opened connection [connectionId{localValue:1, serverValue:12}] to localhost:27017
16:46:30.132 logback-com.modules [cluster-ClusterId{value='5f1fe5e56d68a36b2325840c', description='null'}-localhost:27017] INFO  org.mongodb.driver.cluster - Monitor thread successfully connected to server with description ServerDescription{address=localhost:27017, type=STANDALONE, state=CONNECTED, ok=true, version=ServerVersion{versionList=[3, 2, 21]}, minWireVersion=0, maxWireVersion=4, maxDocumentSize=16777216, logicalSessionTimeoutMinutes=null, roundTripTimeNanos=2070100}
16:46:31.534 logback-com.modules [main] INFO  c.m.common.utils.PropertiesLoader - Could not load properties from path:jeesite.properties, class path resource [jeesite.properties] cannot be opened because it does not exist
16:46:53.435 logback-com.modules [main] INFO  c.alibaba.druid.pool.DruidDataSource - {dataSource-1} inited
16:46:54.457 logback-com.modules [main] INFO  c.alibaba.druid.pool.DruidDataSource - {dataSource-1} closed
16:46:54.599 logback-com.modules [main] INFO  o.a.catalina.core.StandardService - Stopping service [Tomcat]
18:05:58.327 logback-com.modules [main] INFO  com.modules.BootApplication - Starting BootApplication on v_vllchen-PC0 with PID 13380 (E:\ideaProject\wx-bootapplication\bootapplication\target\classes started by v_vllchen in E:\ideaProject\wx-bootapplication\bootapplication)
18:05:58.338 logback-com.modules [main] INFO  com.modules.BootApplication - No active profile set, falling back to default profiles: default
18:06:01.317 logback-com.modules [main] INFO  o.a.coyote.http11.Http11NioProtocol - Initializing ProtocolHandler ["http-nio-8001"]
18:06:01.318 logback-com.modules [main] INFO  o.a.catalina.core.StandardService - Starting service [Tomcat]
18:06:01.318 logback-com.modules [main] INFO  o.a.catalina.core.StandardEngine - Starting Servlet engine: [Apache Tomcat/9.0.36]
18:06:01.449 logback-com.modules [main] INFO  o.a.c.c.C.[Tomcat].[localhost].[/] - Initializing Spring embedded WebApplicationContext
18:06:02.023 logback-com.modules [main] INFO  org.mongodb.driver.cluster - Cluster created with settings {hosts=[localhost:27017], mode=SINGLE, requiredClusterType=UNKNOWN, serverSelectionTimeout='30000 ms', maxWaitQueueSize=500}
18:06:02.502 logback-com.modules [cluster-ClusterId{value='5f1ff88a038dae42c78c6d77', description='null'}-localhost:27017] INFO  org.mongodb.driver.connection - Opened connection [connectionId{localValue:1, serverValue:13}] to localhost:27017
18:06:02.505 logback-com.modules [cluster-ClusterId{value='5f1ff88a038dae42c78c6d77', description='null'}-localhost:27017] INFO  org.mongodb.driver.cluster - Monitor thread successfully connected to server with description ServerDescription{address=localhost:27017, type=STANDALONE, state=CONNECTED, ok=true, version=ServerVersion{versionList=[3, 2, 21]}, minWireVersion=0, maxWireVersion=4, maxDocumentSize=16777216, logicalSessionTimeoutMinutes=null, roundTripTimeNanos=922100}
18:06:03.313 logback-com.modules [main] INFO  c.m.common.utils.PropertiesLoader - Could not load properties from path:jeesite.properties, class path resource [jeesite.properties] cannot be opened because it does not exist
18:06:24.877 logback-com.modules [main] INFO  c.alibaba.druid.pool.DruidDataSource - {dataSource-1} inited
18:06:25.779 logback-com.modules [main] INFO  c.alibaba.druid.pool.DruidDataSource - {dataSource-1} closed
18:06:25.825 logback-com.modules [main] INFO  o.a.catalina.core.StandardService - Stopping service [Tomcat]
18:12:13.255 logback-com.modules [main] INFO  com.modules.BootApplication - Starting BootApplication on v_vllchen-PC0 with PID 1284 (E:\ideaProject\wx-bootapplication\bootapplication\target\classes started by v_vllchen in E:\ideaProject\wx-bootapplication\bootapplication)
18:12:13.264 logback-com.modules [main] INFO  com.modules.BootApplication - No active profile set, falling back to default profiles: default
18:12:16.717 logback-com.modules [main] INFO  o.a.coyote.http11.Http11NioProtocol - Initializing ProtocolHandler ["http-nio-8001"]
18:12:16.720 logback-com.modules [main] INFO  o.a.catalina.core.StandardService - Starting service [Tomcat]
18:12:16.721 logback-com.modules [main] INFO  o.a.catalina.core.StandardEngine - Starting Servlet engine: [Apache Tomcat/9.0.36]
18:12:16.968 logback-com.modules [main] INFO  o.a.c.c.C.[Tomcat].[localhost].[/] - Initializing Spring embedded WebApplicationContext
18:12:17.546 logback-com.modules [main] INFO  org.mongodb.driver.cluster - Cluster created with settings {hosts=[localhost:27017], mode=SINGLE, requiredClusterType=UNKNOWN, serverSelectionTimeout='30000 ms', maxWaitQueueSize=500}
18:12:17.683 logback-com.modules [cluster-ClusterId{value='5f1ffa0160b28d1231fc211b', description='null'}-localhost:27017] INFO  org.mongodb.driver.connection - Opened connection [connectionId{localValue:1, serverValue:14}] to localhost:27017
18:12:17.685 logback-com.modules [cluster-ClusterId{value='5f1ffa0160b28d1231fc211b', description='null'}-localhost:27017] INFO  org.mongodb.driver.cluster - Monitor thread successfully connected to server with description ServerDescription{address=localhost:27017, type=STANDALONE, state=CONNECTED, ok=true, version=ServerVersion{versionList=[3, 2, 21]}, minWireVersion=0, maxWireVersion=4, maxDocumentSize=16777216, logicalSessionTimeoutMinutes=null, roundTripTimeNanos=841300}
18:12:18.518 logback-com.modules [main] INFO  c.m.common.utils.PropertiesLoader - Could not load properties from path:jeesite.properties, class path resource [jeesite.properties] cannot be opened because it does not exist
18:12:39.867 logback-com.modules [main] INFO  c.alibaba.druid.pool.DruidDataSource - {dataSource-1} inited
18:12:40.389 logback-com.modules [main] INFO  c.alibaba.druid.pool.DruidDataSource - {dataSource-1} closed
18:12:40.449 logback-com.modules [main] INFO  o.a.catalina.core.StandardService - Stopping service [Tomcat]
18:13:03.293 logback-com.modules [main] INFO  com.modules.BootApplication - Starting BootApplication on v_vllchen-PC0 with PID 18208 (E:\ideaProject\wx-bootapplication\bootapplication\target\classes started by v_vllchen in E:\ideaProject\wx-bootapplication\bootapplication)
18:13:03.294 logback-com.modules [main] INFO  com.modules.BootApplication - No active profile set, falling back to default profiles: default
18:13:04.971 logback-com.modules [main] INFO  o.a.coyote.http11.Http11NioProtocol - Initializing ProtocolHandler ["http-nio-8001"]
18:13:04.972 logback-com.modules [main] INFO  o.a.catalina.core.StandardService - Starting service [Tomcat]
18:13:04.972 logback-com.modules [main] INFO  o.a.catalina.core.StandardEngine - Starting Servlet engine: [Apache Tomcat/9.0.36]
18:13:05.093 logback-com.modules [main] INFO  o.a.c.c.C.[Tomcat].[localhost].[/] - Initializing Spring embedded WebApplicationContext
18:13:05.497 logback-com.modules [main] INFO  org.mongodb.driver.cluster - Cluster created with settings {hosts=[localhost:27017], mode=SINGLE, requiredClusterType=UNKNOWN, serverSelectionTimeout='30000 ms', maxWaitQueueSize=500}
18:13:05.546 logback-com.modules [cluster-ClusterId{value='5f1ffa31b400bc50d5ce1c49', description='null'}-localhost:27017] INFO  org.mongodb.driver.connection - Opened connection [connectionId{localValue:1, serverValue:15}] to localhost:27017
18:13:05.548 logback-com.modules [cluster-ClusterId{value='5f1ffa31b400bc50d5ce1c49', description='null'}-localhost:27017] INFO  org.mongodb.driver.cluster - Monitor thread successfully connected to server with description ServerDescription{address=localhost:27017, type=STANDALONE, state=CONNECTED, ok=true, version=ServerVersion{versionList=[3, 2, 21]}, minWireVersion=0, maxWireVersion=4, maxDocumentSize=16777216, logicalSessionTimeoutMinutes=null, roundTripTimeNanos=927800}
18:13:06.088 logback-com.modules [main] INFO  c.m.common.utils.PropertiesLoader - Could not load properties from path:jeesite.properties, class path resource [jeesite.properties] cannot be opened because it does not exist
18:13:27.331 logback-com.modules [main] INFO  c.alibaba.druid.pool.DruidDataSource - {dataSource-1} inited
18:13:27.638 logback-com.modules [main] INFO  c.alibaba.druid.pool.DruidDataSource - {dataSource-1} closed
18:13:27.656 logback-com.modules [main] INFO  o.a.catalina.core.StandardService - Stopping service [Tomcat]
18:22:49.560 logback-com.modules [main] INFO  com.modules.BootApplication - Starting BootApplication on v_vllchen-PC0 with PID 11744 (E:\ideaProject\wx-bootapplication\bootapplication\target\classes started by v_vllchen in E:\ideaProject\wx-bootapplication\bootapplication)
18:22:49.577 logback-com.modules [main] INFO  com.modules.BootApplication - No active profile set, falling back to default profiles: default
18:22:53.328 logback-com.modules [main] INFO  o.a.coyote.http11.Http11NioProtocol - Initializing ProtocolHandler ["http-nio-8001"]
18:22:53.340 logback-com.modules [main] INFO  o.a.catalina.core.StandardService - Starting service [Tomcat]
18:22:53.340 logback-com.modules [main] INFO  o.a.catalina.core.StandardEngine - Starting Servlet engine: [Apache Tomcat/9.0.36]
18:22:53.566 logback-com.modules [main] INFO  o.a.c.c.C.[Tomcat].[localhost].[/] - Initializing Spring embedded WebApplicationContext
18:22:54.249 logback-com.modules [main] INFO  org.mongodb.driver.cluster - Cluster created with settings {hosts=[localhost:27017], mode=SINGLE, requiredClusterType=UNKNOWN, serverSelectionTimeout='30000 ms', maxWaitQueueSize=500}
18:22:54.387 logback-com.modules [cluster-ClusterId{value='5f1ffc7e7498eb323e0891ee', description='null'}-localhost:27017] INFO  org.mongodb.driver.connection - Opened connection [connectionId{localValue:1, serverValue:16}] to localhost:27017
18:22:54.390 logback-com.modules [cluster-ClusterId{value='5f1ffc7e7498eb323e0891ee', description='null'}-localhost:27017] INFO  org.mongodb.driver.cluster - Monitor thread successfully connected to server with description ServerDescription{address=localhost:27017, type=STANDALONE, state=CONNECTED, ok=true, version=ServerVersion{versionList=[3, 2, 21]}, minWireVersion=0, maxWireVersion=4, maxDocumentSize=16777216, logicalSessionTimeoutMinutes=null, roundTripTimeNanos=970300}
18:22:55.252 logback-com.modules [main] INFO  c.m.common.utils.PropertiesLoader - Could not load properties from path:jeesite.properties, class path resource [jeesite.properties] cannot be opened because it does not exist
18:23:16.595 logback-com.modules [main] INFO  o.a.catalina.core.StandardService - Stopping service [Tomcat]
18:25:24.015 logback-com.modules [main] INFO  com.modules.BootApplication - Starting BootApplication on v_vllchen-PC0 with PID 16368 (E:\ideaProject\wx-bootapplication\bootapplication\target\classes started by v_vllchen in E:\ideaProject\wx-bootapplication\bootapplication)
18:25:24.030 logback-com.modules [main] INFO  com.modules.BootApplication - No active profile set, falling back to default profiles: default
18:25:27.564 logback-com.modules [main] INFO  o.a.coyote.http11.Http11NioProtocol - Initializing ProtocolHandler ["http-nio-8001"]
18:25:27.565 logback-com.modules [main] INFO  o.a.catalina.core.StandardService - Starting service [Tomcat]
18:25:27.565 logback-com.modules [main] INFO  o.a.catalina.core.StandardEngine - Starting Servlet engine: [Apache Tomcat/9.0.36]
18:25:27.719 logback-com.modules [main] INFO  o.a.c.c.C.[Tomcat].[localhost].[/] - Initializing Spring embedded WebApplicationContext
18:25:28.253 logback-com.modules [main] INFO  org.mongodb.driver.cluster - Cluster created with settings {hosts=[localhost:27017], mode=SINGLE, requiredClusterType=UNKNOWN, serverSelectionTimeout='30000 ms', maxWaitQueueSize=500}
18:25:28.352 logback-com.modules [cluster-ClusterId{value='5f1ffd189f8b423dfdf63881', description='null'}-localhost:27017] INFO  org.mongodb.driver.connection - Opened connection [connectionId{localValue:1, serverValue:17}] to localhost:27017
18:25:28.355 logback-com.modules [cluster-ClusterId{value='5f1ffd189f8b423dfdf63881', description='null'}-localhost:27017] INFO  org.mongodb.driver.cluster - Monitor thread successfully connected to server with description ServerDescription{address=localhost:27017, type=STANDALONE, state=CONNECTED, ok=true, version=ServerVersion{versionList=[3, 2, 21]}, minWireVersion=0, maxWireVersion=4, maxDocumentSize=16777216, logicalSessionTimeoutMinutes=null, roundTripTimeNanos=950400}
18:25:29.099 logback-com.modules [main] INFO  c.m.common.utils.PropertiesLoader - Could not load properties from path:jeesite.properties, class path resource [jeesite.properties] cannot be opened because it does not exist
18:25:50.465 logback-com.modules [main] INFO  o.a.catalina.core.StandardService - Stopping service [Tomcat]
18:29:13.016 logback-com.modules [main] INFO  com.modules.BootApplication - Starting BootApplication on v_vllchen-PC0 with PID 16892 (E:\ideaProject\wx-bootapplication\bootapplication\target\classes started by v_vllchen in E:\ideaProject\wx-bootapplication\bootapplication)
18:29:13.055 logback-com.modules [main] INFO  com.modules.BootApplication - No active profile set, falling back to default profiles: default
18:29:16.348 logback-com.modules [main] INFO  o.a.coyote.http11.Http11NioProtocol - Initializing ProtocolHandler ["http-nio-8001"]
18:29:16.348 logback-com.modules [main] INFO  o.a.catalina.core.StandardService - Starting service [Tomcat]
18:29:16.349 logback-com.modules [main] INFO  o.a.catalina.core.StandardEngine - Starting Servlet engine: [Apache Tomcat/9.0.36]
18:29:16.473 logback-com.modules [main] INFO  o.a.c.c.C.[Tomcat].[localhost].[/] - Initializing Spring embedded WebApplicationContext
18:29:17.062 logback-com.modules [main] INFO  org.mongodb.driver.cluster - Cluster created with settings {hosts=[localhost:27017], mode=SINGLE, requiredClusterType=UNKNOWN, serverSelectionTimeout='30000 ms', maxWaitQueueSize=500}
18:29:17.152 logback-com.modules [cluster-ClusterId{value='5f1ffdfd3f0a98605a99d80c', description='null'}-localhost:27017] INFO  org.mongodb.driver.connection - Opened connection [connectionId{localValue:1, serverValue:18}] to localhost:27017
18:29:17.155 logback-com.modules [cluster-ClusterId{value='5f1ffdfd3f0a98605a99d80c', description='null'}-localhost:27017] INFO  org.mongodb.driver.cluster - Monitor thread successfully connected to server with description ServerDescription{address=localhost:27017, type=STANDALONE, state=CONNECTED, ok=true, version=ServerVersion{versionList=[3, 2, 21]}, minWireVersion=0, maxWireVersion=4, maxDocumentSize=16777216, logicalSessionTimeoutMinutes=null, roundTripTimeNanos=1024700}
18:29:17.964 logback-com.modules [main] INFO  c.m.common.utils.PropertiesLoader - Could not load properties from path:jeesite.properties, class path resource [jeesite.properties] cannot be opened because it does not exist
18:29:39.323 logback-com.modules [main] INFO  c.alibaba.druid.pool.DruidDataSource - {dataSource-1} inited
18:29:39.847 logback-com.modules [main] INFO  c.alibaba.druid.pool.DruidDataSource - {dataSource-1} closed
18:29:39.886 logback-com.modules [main] INFO  o.a.catalina.core.StandardService - Stopping service [Tomcat]
18:32:11.301 logback-com.modules [main] INFO  com.modules.BootApplication - Starting BootApplication on v_vllchen-PC0 with PID 17000 (E:\ideaProject\wx-bootapplication\bootapplication\target\classes started by v_vllchen in E:\ideaProject\wx-bootapplication\bootapplication)
18:32:11.309 logback-com.modules [main] INFO  com.modules.BootApplication - No active profile set, falling back to default profiles: default
18:32:14.717 logback-com.modules [main] INFO  o.a.coyote.http11.Http11NioProtocol - Initializing ProtocolHandler ["http-nio-8001"]
18:32:14.718 logback-com.modules [main] INFO  o.a.catalina.core.StandardService - Starting service [Tomcat]
18:32:14.718 logback-com.modules [main] INFO  o.a.catalina.core.StandardEngine - Starting Servlet engine: [Apache Tomcat/9.0.36]
18:32:14.922 logback-com.modules [main] INFO  o.a.c.c.C.[Tomcat].[localhost].[/] - Initializing Spring embedded WebApplicationContext
18:32:15.605 logback-com.modules [main] INFO  org.mongodb.driver.cluster - Cluster created with settings {hosts=[localhost:27017], mode=SINGLE, requiredClusterType=UNKNOWN, serverSelectionTimeout='30000 ms', maxWaitQueueSize=500}
18:32:15.761 logback-com.modules [cluster-ClusterId{value='5f1ffeaffd1d6144e90adae4', description='null'}-localhost:27017] INFO  org.mongodb.driver.connection - Opened connection [connectionId{localValue:1, serverValue:19}] to localhost:27017
18:32:15.765 logback-com.modules [cluster-ClusterId{value='5f1ffeaffd1d6144e90adae4', description='null'}-localhost:27017] INFO  org.mongodb.driver.cluster - Monitor thread successfully connected to server with description ServerDescription{address=localhost:27017, type=STANDALONE, state=CONNECTED, ok=true, version=ServerVersion{versionList=[3, 2, 21]}, minWireVersion=0, maxWireVersion=4, maxDocumentSize=16777216, logicalSessionTimeoutMinutes=null, roundTripTimeNanos=1471100}
18:32:16.810 logback-com.modules [main] INFO  c.m.common.utils.PropertiesLoader - Could not load properties from path:jeesite.properties, class path resource [jeesite.properties] cannot be opened because it does not exist
18:32:38.389 logback-com.modules [main] INFO  c.alibaba.druid.pool.DruidDataSource - {dataSource-1} inited
18:32:40.315 logback-com.modules [main] INFO  c.alibaba.druid.pool.DruidDataSource - {dataSource-1} closed
18:32:40.370 logback-com.modules [main] INFO  o.a.catalina.core.StandardService - Stopping service [Tomcat]
18:33:25.492 logback-com.modules [main] INFO  com.modules.BootApplication - Starting BootApplication on v_vllchen-PC0 with PID 12760 (E:\ideaProject\wx-bootapplication\bootapplication\target\classes started by v_vllchen in E:\ideaProject\wx-bootapplication\bootapplication)
18:33:25.494 logback-com.modules [main] INFO  com.modules.BootApplication - No active profile set, falling back to default profiles: default
18:33:27.556 logback-com.modules [main] INFO  o.a.coyote.http11.Http11NioProtocol - Initializing ProtocolHandler ["http-nio-8001"]
18:33:27.557 logback-com.modules [main] INFO  o.a.catalina.core.StandardService - Starting service [Tomcat]
18:33:27.557 logback-com.modules [main] INFO  o.a.catalina.core.StandardEngine - Starting Servlet engine: [Apache Tomcat/9.0.36]
18:33:27.667 logback-com.modules [main] INFO  o.a.c.c.C.[Tomcat].[localhost].[/] - Initializing Spring embedded WebApplicationContext
18:33:28.056 logback-com.modules [main] INFO  org.mongodb.driver.cluster - Cluster created with settings {hosts=[localhost:27017], mode=SINGLE, requiredClusterType=UNKNOWN, serverSelectionTimeout='30000 ms', maxWaitQueueSize=500}
18:33:28.104 logback-com.modules [cluster-ClusterId{value='5f1ffef8beaf0a05688e7567', description='null'}-localhost:27017] INFO  org.mongodb.driver.connection - Opened connection [connectionId{localValue:1, serverValue:20}] to localhost:27017
18:33:28.107 logback-com.modules [cluster-ClusterId{value='5f1ffef8beaf0a05688e7567', description='null'}-localhost:27017] INFO  org.mongodb.driver.cluster - Monitor thread successfully connected to server with description ServerDescription{address=localhost:27017, type=STANDALONE, state=CONNECTED, ok=true, version=ServerVersion{versionList=[3, 2, 21]}, minWireVersion=0, maxWireVersion=4, maxDocumentSize=16777216, logicalSessionTimeoutMinutes=null, roundTripTimeNanos=908000}
18:33:28.555 logback-com.modules [main] INFO  c.m.common.utils.PropertiesLoader - Could not load properties from path:jeesite.properties, class path resource [jeesite.properties] cannot be opened because it does not exist
18:33:49.949 logback-com.modules [main] INFO  c.alibaba.druid.pool.DruidDataSource - {dataSource-1} inited
18:33:50.473 logback-com.modules [main] INFO  c.alibaba.druid.pool.DruidDataSource - {dataSource-1} closed
18:33:50.533 logback-com.modules [main] INFO  o.a.catalina.core.StandardService - Stopping service [Tomcat]
18:36:07.646 logback-com.modules [main] INFO  com.modules.BootApplication - Starting BootApplication on v_vllchen-PC0 with PID 13128 (E:\ideaProject\wx-bootapplication\bootapplication\target\classes started by v_vllchen in E:\ideaProject\wx-bootapplication\bootapplication)
18:36:07.661 logback-com.modules [main] INFO  com.modules.BootApplication - No active profile set, falling back to default profiles: default
18:36:10.760 logback-com.modules [main] INFO  o.a.coyote.http11.Http11NioProtocol - Initializing ProtocolHandler ["http-nio-8001"]
18:36:10.761 logback-com.modules [main] INFO  o.a.catalina.core.StandardService - Starting service [Tomcat]
18:36:10.761 logback-com.modules [main] INFO  o.a.catalina.core.StandardEngine - Starting Servlet engine: [Apache Tomcat/9.0.36]
18:36:10.920 logback-com.modules [main] INFO  o.a.c.c.C.[Tomcat].[localhost].[/] - Initializing Spring embedded WebApplicationContext
18:36:11.642 logback-com.modules [main] INFO  org.mongodb.driver.cluster - Cluster created with settings {hosts=[localhost:27017], mode=SINGLE, requiredClusterType=UNKNOWN, serverSelectionTimeout='30000 ms', maxWaitQueueSize=500}
18:36:11.713 logback-com.modules [cluster-ClusterId{value='5f1fff9b7d1766795bef647a', description='null'}-localhost:27017] INFO  org.mongodb.driver.connection - Opened connection [connectionId{localValue:1, serverValue:21}] to localhost:27017
18:36:11.716 logback-com.modules [cluster-ClusterId{value='5f1fff9b7d1766795bef647a', description='null'}-localhost:27017] INFO  org.mongodb.driver.cluster - Monitor thread successfully connected to server with description ServerDescription{address=localhost:27017, type=STANDALONE, state=CONNECTED, ok=true, version=ServerVersion{versionList=[3, 2, 21]}, minWireVersion=0, maxWireVersion=4, maxDocumentSize=16777216, logicalSessionTimeoutMinutes=null, roundTripTimeNanos=970500}
18:36:34.064 logback-com.modules [main] INFO  c.alibaba.druid.pool.DruidDataSource - {dataSource-1} inited
18:36:35.014 logback-com.modules [main] INFO  c.alibaba.druid.pool.DruidDataSource - {dataSource-1} closed
18:36:35.114 logback-com.modules [main] INFO  o.a.catalina.core.StandardService - Stopping service [Tomcat]
18:37:47.617 logback-com.modules [main] INFO  com.modules.BootApplication - Starting BootApplication on v_vllchen-PC0 with PID 16972 (E:\ideaProject\wx-bootapplication\bootapplication\target\classes started by v_vllchen in E:\ideaProject\wx-bootapplication\bootapplication)
18:37:47.631 logback-com.modules [main] INFO  com.modules.BootApplication - No active profile set, falling back to default profiles: default
18:37:50.138 logback-com.modules [main] INFO  o.a.coyote.http11.Http11NioProtocol - Initializing ProtocolHandler ["http-nio-8001"]
18:37:50.140 logback-com.modules [main] INFO  o.a.catalina.core.StandardService - Starting service [Tomcat]
18:37:50.141 logback-com.modules [main] INFO  o.a.catalina.core.StandardEngine - Starting Servlet engine: [Apache Tomcat/9.0.36]
18:37:50.319 logback-com.modules [main] INFO  o.a.c.c.C.[Tomcat].[localhost].[/] - Initializing Spring embedded WebApplicationContext
18:37:50.768 logback-com.modules [main] INFO  org.mongodb.driver.cluster - Cluster created with settings {hosts=[localhost:27017], mode=SINGLE, requiredClusterType=UNKNOWN, serverSelectionTimeout='30000 ms', maxWaitQueueSize=500}
18:37:50.822 logback-com.modules [cluster-ClusterId{value='5f1ffffe7c51c508dd0866ba', description='null'}-localhost:27017] INFO  org.mongodb.driver.connection - Opened connection [connectionId{localValue:1, serverValue:22}] to localhost:27017
18:37:50.825 logback-com.modules [cluster-ClusterId{value='5f1ffffe7c51c508dd0866ba', description='null'}-localhost:27017] INFO  org.mongodb.driver.cluster - Monitor thread successfully connected to server with description ServerDescription{address=localhost:27017, type=STANDALONE, state=CONNECTED, ok=true, version=ServerVersion{versionList=[3, 2, 21]}, minWireVersion=0, maxWireVersion=4, maxDocumentSize=16777216, logicalSessionTimeoutMinutes=null, roundTripTimeNanos=913600}
18:38:12.439 logback-com.modules [main] INFO  c.alibaba.druid.pool.DruidDataSource - {dataSource-1} inited
18:38:12.760 logback-com.modules [main] INFO  c.alibaba.druid.pool.DruidDataSource - {dataSource-1} closed
18:38:12.777 logback-com.modules [main] INFO  o.a.catalina.core.StandardService - Stopping service [Tomcat]
